<?xml version="1.0" encoding="UTF-8"?>
<coverage generated="1780279855921" clover="3.2.0">
  <project timestamp="1780279855921" name="All files">
    <metrics statements="850" coveredstatements="777" conditionals="361" coveredconditionals="271" methods="58" coveredmethods="57" elements="1269" coveredelements="1105" complexity="0" loc="850" ncloc="850" packages="1" files="9" classes="9"/>
    <file name="clean.ts" path="/home/user/vcardlab/src/core/clean.ts">
      <metrics statements="81" coveredstatements="73" conditionals="43" coveredconditionals="32" methods="9" coveredmethods="9"/>
      <line num="3" count="1" type="stmt"/>
      <line num="6" count="1" type="cond" truecount="1" falsecount="0"/>
      <line num="7" count="2" type="cond" truecount="3" falsecount="0"/>
      <line num="8" count="2" type="stmt"/>
      <line num="11" count="1" type="cond" truecount="1" falsecount="0"/>
      <line num="12" count="2" type="stmt"/>
      <line num="13" count="2" type="cond" truecount="1" falsecount="0"/>
      <line num="14" count="2" type="cond" truecount="1" falsecount="0"/>
      <line num="15" count="1" type="cond" truecount="1" falsecount="0"/>
      <line num="16" count="1" type="cond" truecount="1" falsecount="1"/>
      <line num="17" count="1" type="cond" truecount="1" falsecount="0"/>
      <line num="18" count="1" type="cond" truecount="1" falsecount="0"/>
      <line num="19" count="1" type="stmt"/>
      <line num="20" count="2" type="stmt"/>
      <line num="21" count="2" type="stmt"/>
      <line num="23" count="4" type="cond" truecount="1" falsecount="0"/>
      <line num="24" count="4" type="cond" truecount="2" falsecount="0"/>
      <line num="25" count="4" type="stmt"/>
      <line num="28" count="1" type="cond" truecount="1" falsecount="0"/>
      <line num="29" count="1" type="cond" truecount="1" falsecount="0"/>
      <line num="30" count="1" type="stmt"/>
      <line num="31" count="1" type="stmt"/>
      <line num="32" count="1" type="stmt"/>
      <line num="33" count="1" type="stmt"/>
      <line num="34" count="1" type="stmt"/>
      <line num="35" count="1" type="cond" truecount="0" falsecount="1"/>
      <line num="36" count="1" type="cond" truecount="1" falsecount="0"/>
      <line num="37" count="1" type="stmt"/>
      <line num="38" count="1" type="stmt"/>
      <line num="39" count="1" type="stmt"/>
      <line num="40" count="1" type="stmt"/>
      <line num="46" count="1" type="cond" truecount="1" falsecount="0"/>
      <line num="47" count="2" type="cond" truecount="1" falsecount="0"/>
      <line num="48" count="2" type="stmt"/>
      <line num="49" count="2" type="stmt"/>
      <line num="50" count="2" type="stmt"/>
      <line num="51" count="2" type="cond" truecount="0" falsecount="1"/>
      <line num="52" count="2" type="cond" truecount="2" falsecount="0"/>
      <line num="53" count="2" type="stmt"/>
      <line num="54" count="2" type="cond" truecount="1" falsecount="0"/>
      <line num="55" count="2" type="stmt"/>
      <line num="56" count="2" type="cond" truecount="1" falsecount="0"/>
      <line num="57" count="2" type="stmt"/>
      <line num="58" count="2" type="stmt"/>
      <line num="65" count="1" type="cond" truecount="1" falsecount="0"/>
      <line num="66" count="2" type="cond" truecount="1" falsecount="0"/>
      <line num="67" count="2" type="cond" truecount="1" falsecount="0"/>
      <line num="68" count="18" type="cond" truecount="3" falsecount="0"/>
      <line num="69" count="1" type="stmt"/>
      <line num="71" count="1" type="cond" truecount="1" falsecount="0"/>
      <line num="72" count="1" type="stmt"/>
      <line num="74" count="18" type="cond" truecount="1" falsecount="0"/>
      <line num="75" count="18" type="cond" truecount="0" falsecount="1"/>
      <line num="77" count="0" type="stmt"/>
      <line num="78" count="0" type="stmt"/>
      <line num="79" count="18" type="stmt"/>
      <line num="80" count="2" type="cond" truecount="1" falsecount="0"/>
      <line num="81" count="2" type="stmt"/>
      <line num="82" count="2" type="stmt"/>
      <line num="83" count="2" type="stmt"/>
      <line num="84" count="2" type="stmt"/>
      <line num="85" count="2" type="stmt"/>
      <line num="86" count="2" type="cond" truecount="0" falsecount="1"/>
      <line num="87" count="2" type="stmt"/>
      <line num="88" count="2" type="stmt"/>
      <line num="89" count="2" type="cond" truecount="0" falsecount="1"/>
      <line num="90" count="2" type="cond" truecount="0" falsecount="1"/>
      <line num="91" count="2" type="cond" truecount="0" falsecount="1"/>
      <line num="92" count="2" type="cond" truecount="0" falsecount="1"/>
      <line num="93" count="2" type="cond" truecount="0" falsecount="1"/>
      <line num="94" count="2" type="cond" truecount="0" falsecount="1"/>
      <line num="95" count="0" type="stmt"/>
      <line num="96" count="2" type="stmt"/>
      <line num="97" count="0" type="stmt"/>
      <line num="98" count="0" type="stmt"/>
      <line num="99" count="0" type="stmt"/>
      <line num="100" count="0" type="stmt"/>
      <line num="101" count="0" type="stmt"/>
      <line num="102" count="2" type="stmt"/>
      <line num="103" count="2" type="stmt"/>
      <line num="104" count="2" type="stmt"/>
    </file>
    <file name="dedupe.ts" path="/home/user/vcardlab/src/core/dedupe.ts">
      <metrics statements="155" coveredstatements="146" conditionals="65" coveredconditionals="51" methods="11" coveredmethods="10"/>
      <line num="4" count="1" type="stmt"/>
      <line num="18" count="1" type="stmt"/>
      <line num="21" count="1" type="cond" truecount="1" falsecount="0"/>
      <line num="22" count="7" type="stmt"/>
      <line num="23" count="7" type="cond" truecount="2" falsecount="0"/>
      <line num="24" count="7" type="cond" truecount="2" falsecount="0"/>
      <line num="25" count="7" type="stmt"/>
      <line num="27" count="2" type="cond" truecount="1" falsecount="0"/>
      <line num="28" count="2" type="stmt"/>
      <line num="29" count="2" type="stmt"/>
      <line num="31" count="18" type="cond" truecount="1" falsecount="0"/>
      <line num="32" count="18" type="stmt"/>
      <line num="33" count="18" type="cond" truecount="1" falsecount="0"/>
      <line num="34" count="12" type="cond" truecount="1" falsecount="0"/>
      <line num="35" count="11" type="stmt"/>
      <line num="36" count="11" type="stmt"/>
      <line num="37" count="11" type="stmt"/>
      <line num="38" count="12" type="stmt"/>
      <line num="39" count="18" type="cond" truecount="1" falsecount="0"/>
      <line num="40" count="14" type="cond" truecount="1" falsecount="0"/>
      <line num="41" count="4" type="stmt"/>
      <line num="42" count="4" type="stmt"/>
      <line num="43" count="4" type="stmt"/>
      <line num="44" count="14" type="stmt"/>
      <line num="45" count="18" type="cond" truecount="1" falsecount="0"/>
      <line num="46" count="2" type="stmt"/>
      <line num="47" count="2" type="stmt"/>
      <line num="48" count="2" type="stmt"/>
      <line num="49" count="18" type="stmt"/>
      <line num="50" count="18" type="stmt"/>
      <line num="59" count="1" type="cond" truecount="1" falsecount="0"/>
      <line num="60" count="8" type="stmt"/>
      <line num="61" count="8" type="cond" truecount="1" falsecount="0"/>
      <line num="62" count="30" type="stmt"/>
      <line num="63" count="30" type="cond" truecount="1" falsecount="0"/>
      <line num="65" count="30" type="stmt"/>
      <line num="66" count="30" type="cond" truecount="1" falsecount="0"/>
      <line num="67" count="1" type="stmt"/>
      <line num="68" count="1" type="stmt"/>
      <line num="69" count="1" type="stmt"/>
      <line num="70" count="1" type="stmt"/>
      <line num="71" count="30" type="stmt"/>
      <line num="72" count="30" type="stmt"/>
      <line num="73" count="8" type="cond" truecount="1" falsecount="0"/>
      <line num="74" count="6" type="stmt"/>
      <line num="75" count="6" type="stmt"/>
      <line num="76" count="6" type="stmt"/>
      <line num="77" count="6" type="stmt"/>
      <line num="79" count="8" type="cond" truecount="1" falsecount="0"/>
      <line num="82" count="8" type="stmt"/>
      <line num="83" count="8" type="cond" truecount="1" falsecount="0"/>
      <line num="84" count="18" type="cond" truecount="1" falsecount="0"/>
      <line num="85" count="17" type="stmt"/>
      <line num="86" count="17" type="cond" truecount="2" falsecount="0"/>
      <line num="87" count="6" type="stmt"/>
      <line num="88" count="17" type="stmt"/>
      <line num="89" count="18" type="stmt"/>
      <line num="91" count="8" type="cond" truecount="1" falsecount="0"/>
      <line num="92" count="8" type="stmt"/>
      <line num="93" count="8" type="cond" truecount="1" falsecount="0"/>
      <line num="94" count="18" type="stmt"/>
      <line num="95" count="18" type="cond" truecount="1" falsecount="0"/>
      <line num="96" count="18" type="stmt"/>
      <line num="97" count="18" type="stmt"/>
      <line num="98" count="18" type="stmt"/>
      <line num="100" count="8" type="stmt"/>
      <line num="101" count="8" type="cond" truecount="1" falsecount="0"/>
      <line num="102" count="12" type="cond" truecount="1" falsecount="0"/>
      <line num="103" count="5" type="cond" truecount="1" falsecount="0"/>
      <line num="104" count="5" type="stmt"/>
      <line num="105" count="12" type="stmt"/>
      <line num="107" count="8" type="stmt"/>
      <line num="108" count="8" type="stmt"/>
      <line num="109" count="8" type="stmt"/>
      <line num="111" count="9" type="cond" truecount="1" falsecount="0"/>
      <line num="112" count="9" type="stmt"/>
      <line num="113" count="9" type="cond" truecount="1" falsecount="0"/>
      <line num="114" count="4" type="cond" truecount="1" falsecount="0"/>
      <line num="115" count="4" type="cond" truecount="1" falsecount="0"/>
      <line num="117" count="3" type="cond" truecount="1" falsecount="0"/>
      <line num="118" count="4" type="cond" truecount="1" falsecount="0"/>
      <line num="119" count="1" type="stmt"/>
      <line num="120" count="1" type="stmt"/>
      <line num="121" count="4" type="stmt"/>
      <line num="122" count="9" type="stmt"/>
      <line num="123" count="9" type="stmt"/>
      <line num="125" count="0" type="stmt"/>
      <line num="126" count="0" type="stmt"/>
      <line num="127" count="0" type="stmt"/>
      <line num="128" count="0" type="stmt"/>
      <line num="129" count="0" type="stmt"/>
      <line num="130" count="0" type="stmt"/>
      <line num="132" count="0" type="stmt"/>
      <line num="135" count="1" type="cond" truecount="1" falsecount="0"/>
      <line num="136" count="4" type="cond" truecount="2" falsecount="0"/>
      <line num="137" count="3" type="stmt"/>
      <line num="138" count="3" type="stmt"/>
      <line num="139" count="3" type="stmt"/>
      <line num="140" count="3" type="stmt"/>
      <line num="141" count="4" type="cond" truecount="0" falsecount="1"/>
      <line num="142" count="4" type="stmt"/>
      <line num="143" count="4" type="cond" truecount="1" falsecount="1"/>
      <line num="144" count="4" type="stmt"/>
      <line num="145" count="4" type="cond" truecount="1" falsecount="0"/>
      <line num="146" count="4" type="cond" truecount="1" falsecount="0"/>
      <line num="147" count="4" type="stmt"/>
      <line num="148" count="4" type="stmt"/>
      <line num="149" count="4" type="stmt"/>
      <line num="150" count="4" type="stmt"/>
      <line num="151" count="4" type="cond" truecount="1" falsecount="0"/>
      <line num="152" count="4" type="stmt"/>
      <line num="153" count="4" type="stmt"/>
      <line num="154" count="4" type="stmt"/>
      <line num="155" count="4" type="stmt"/>
      <line num="157" count="4" type="cond" truecount="1" falsecount="0"/>
      <line num="158" count="3" type="stmt"/>
      <line num="159" count="3" type="cond" truecount="0" falsecount="2"/>
      <line num="161" count="3" type="stmt"/>
      <line num="162" count="3" type="cond" truecount="1" falsecount="0"/>
      <line num="163" count="3" type="cond" truecount="1" falsecount="0"/>
      <line num="164" count="3" type="stmt"/>
      <line num="165" count="3" type="cond" truecount="0" falsecount="1"/>
      <line num="166" count="3" type="cond" truecount="0" falsecount="3"/>
      <line num="167" count="3" type="cond" truecount="0" falsecount="1"/>
      <line num="168" count="3" type="stmt"/>
      <line num="169" count="3" type="stmt"/>
      <line num="170" count="3" type="stmt"/>
      <line num="171" count="3" type="cond" truecount="0" falsecount="1"/>
      <line num="172" count="0" type="stmt"/>
      <line num="173" count="0" type="stmt"/>
      <line num="174" count="3" type="cond" truecount="0" falsecount="1"/>
      <line num="175" count="3" type="cond" truecount="0" falsecount="1"/>
      <line num="176" count="3" type="cond" truecount="0" falsecount="1"/>
      <line num="177" count="3" type="cond" truecount="0" falsecount="1"/>
      <line num="178" count="3" type="stmt"/>
      <line num="179" count="3" type="stmt"/>
      <line num="180" count="3" type="stmt"/>
      <line num="181" count="3" type="stmt"/>
      <line num="187" count="1" type="cond" truecount="1" falsecount="0"/>
      <line num="188" count="2" type="stmt"/>
      <line num="189" count="2" type="cond" truecount="1" falsecount="0"/>
      <line num="190" count="1" type="stmt"/>
      <line num="191" count="1" type="stmt"/>
      <line num="192" count="1" type="stmt"/>
      <line num="193" count="1" type="stmt"/>
      <line num="194" count="1" type="stmt"/>
      <line num="195" count="1" type="stmt"/>
      <line num="196" count="1" type="stmt"/>
      <line num="197" count="1" type="stmt"/>
      <line num="198" count="2" type="cond" truecount="1" falsecount="0"/>
      <line num="199" count="3" type="cond" truecount="2" falsecount="0"/>
      <line num="200" count="3" type="cond" truecount="1" falsecount="0"/>
      <line num="201" count="3" type="cond" truecount="1" falsecount="0"/>
      <line num="202" count="1" type="stmt"/>
      <line num="203" count="1" type="stmt"/>
    </file>
    <file name="index.ts" path="/home/user/vcardlab/src/core/index.ts">
      <metrics statements="8" coveredstatements="0" conditionals="1" coveredconditionals="1" methods="1" coveredmethods="1"/>
      <line num="3" count="0" type="stmt"/>
      <line num="4" count="0" type="stmt"/>
      <line num="5" count="0" type="stmt"/>
      <line num="6" count="0" type="stmt"/>
      <line num="7" count="0" type="stmt"/>
      <line num="8" count="0" type="stmt"/>
      <line num="9" count="0" type="stmt"/>
      <line num="10" count="0" type="stmt"/>
    </file>
    <file name="model.ts" path="/home/user/vcardlab/src/core/model.ts">
      <metrics statements="16" coveredstatements="14" conditionals="19" coveredconditionals="14" methods="2" coveredmethods="2"/>
      <line num="85" count="1" type="cond" truecount="1" falsecount="0"/>
      <line num="86" count="41" type="stmt"/>
      <line num="87" count="41" type="stmt"/>
      <line num="90" count="1" type="cond" truecount="1" falsecount="0"/>
      <line num="91" count="15" type="cond" truecount="4" falsecount="0"/>
      <line num="92" count="2" type="stmt"/>
      <line num="93" count="2" type="stmt"/>
      <line num="94" count="2" type="cond" truecount="1" falsecount="0"/>
      <line num="95" count="2" type="stmt"/>
      <line num="96" count="2" type="cond" truecount="0" falsecount="1"/>
      <line num="97" count="2" type="cond" truecount="2" falsecount="0"/>
      <line num="98" count="15" type="cond" truecount="2" falsecount="3"/>
      <line num="99" count="3" type="cond" truecount="3" falsecount="0"/>
      <line num="100" count="1" type="cond" truecount="0" falsecount="1"/>
      <line num="101" count="0" type="stmt"/>
      <line num="102" count="0" type="stmt"/>
    </file>
    <file name="parse.ts" path="/home/user/vcardlab/src/core/parse.ts">
      <metrics statements="308" coveredstatements="288" conditionals="138" coveredconditionals="100" methods="18" coveredmethods="18"/>
      <line num="4" count="1" type="stmt"/>
      <line num="14" count="1" type="stmt"/>
      <line num="16" count="1" type="stmt"/>
      <line num="17" count="54" type="cond" truecount="1" falsecount="0"/>
      <line num="18" count="54" type="stmt"/>
      <line num="19" count="54" type="stmt"/>
      <line num="20" count="54" type="stmt"/>
      <line num="23" count="36" type="cond" truecount="1" falsecount="0"/>
      <line num="24" count="36" type="stmt"/>
      <line num="25" count="36" type="stmt"/>
      <line num="26" count="36" type="cond" truecount="1" falsecount="0"/>
      <line num="27" count="649" type="stmt"/>
      <line num="28" count="649" type="cond" truecount="0" falsecount="2"/>
      <line num="29" count="0" type="stmt"/>
      <line num="30" count="0" type="stmt"/>
      <line num="31" count="0" type="stmt"/>
      <line num="32" count="0" type="stmt"/>
      <line num="33" count="649" type="cond" truecount="1" falsecount="0"/>
      <line num="34" count="112" type="stmt"/>
      <line num="35" count="112" type="stmt"/>
      <line num="36" count="649" type="cond" truecount="1" falsecount="0"/>
      <line num="37" count="537" type="stmt"/>
      <line num="38" count="537" type="stmt"/>
      <line num="39" count="649" type="stmt"/>
      <line num="40" count="36" type="stmt"/>
      <line num="41" count="36" type="stmt"/>
      <line num="42" count="36" type="stmt"/>
      <line num="45" count="257" type="cond" truecount="1" falsecount="0"/>
      <line num="46" count="257" type="stmt"/>
      <line num="47" count="257" type="cond" truecount="1" falsecount="0"/>
      <line num="48" count="2167" type="stmt"/>
      <line num="49" count="2167" type="cond" truecount="2" falsecount="0"/>
      <line num="50" count="21" type="stmt"/>
      <line num="51" count="21" type="cond" truecount="3" falsecount="0"/>
      <line num="52" count="14" type="cond" truecount="1" falsecount="0"/>
      <line num="53" count="7" type="cond" truecount="0" falsecount="1"/>
      <line num="54" count="0" type="stmt"/>
      <line num="55" count="0" type="stmt"/>
      <line num="56" count="21" type="stmt"/>
      <line num="57" count="2167" type="cond" truecount="1" falsecount="0"/>
      <line num="58" count="2146" type="stmt"/>
      <line num="59" count="2146" type="stmt"/>
      <line num="60" count="2167" type="stmt"/>
      <line num="61" count="257" type="stmt"/>
      <line num="62" count="257" type="stmt"/>
      <line num="72" count="205" type="cond" truecount="1" falsecount="0"/>
      <line num="73" count="205" type="stmt"/>
      <line num="74" count="205" type="cond" truecount="1" falsecount="0"/>
      <line num="75" count="1614" type="stmt"/>
      <line num="76" count="1614" type="cond" truecount="0" falsecount="1"/>
      <line num="77" count="1614" type="cond" truecount="2" falsecount="0"/>
      <line num="78" count="1614" type="cond" truecount="1" falsecount="0"/>
      <line num="79" count="1" type="stmt"/>
      <line num="80" count="1" type="stmt"/>
      <line num="83" count="204" type="cond" truecount="1" falsecount="0"/>
      <line num="84" count="204" type="stmt"/>
      <line num="85" count="204" type="stmt"/>
      <line num="86" count="204" type="stmt"/>
      <line num="87" count="204" type="cond" truecount="1" falsecount="0"/>
      <line num="88" count="1388" type="stmt"/>
      <line num="89" count="1388" type="cond" truecount="0" falsecount="1"/>
      <line num="90" count="0" type="stmt"/>
      <line num="91" count="0" type="stmt"/>
      <line num="92" count="1388" type="cond" truecount="2" falsecount="0"/>
      <line num="93" count="41" type="stmt"/>
      <line num="94" count="41" type="stmt"/>
      <line num="95" count="1388" type="cond" truecount="1" falsecount="0"/>
      <line num="96" count="1347" type="stmt"/>
      <line num="97" count="1347" type="stmt"/>
      <line num="98" count="1388" type="stmt"/>
      <line num="99" count="204" type="stmt"/>
      <line num="100" count="204" type="stmt"/>
      <line num="101" count="204" type="stmt"/>
      <line num="103" count="205" type="cond" truecount="1" falsecount="0"/>
      <line num="104" count="205" type="stmt"/>
      <line num="105" count="205" type="cond" truecount="2" falsecount="0"/>
      <line num="106" count="204" type="stmt"/>
      <line num="107" count="204" type="stmt"/>
      <line num="108" count="204" type="stmt"/>
      <line num="109" count="205" type="cond" truecount="1" falsecount="1"/>
      <line num="111" count="204" type="stmt"/>
      <line num="112" count="204" type="stmt"/>
      <line num="113" count="204" type="stmt"/>
      <line num="114" count="205" type="cond" truecount="1" falsecount="0"/>
      <line num="115" count="2" type="stmt"/>
      <line num="116" count="2" type="stmt"/>
      <line num="117" count="2" type="cond" truecount="1" falsecount="0"/>
      <line num="118" count="204" type="stmt"/>
      <line num="120" count="204" type="stmt"/>
      <line num="121" count="205" type="cond" truecount="1" falsecount="0"/>
      <line num="122" count="41" type="stmt"/>
      <line num="123" count="41" type="cond" truecount="0" falsecount="1"/>
      <line num="124" count="41" type="stmt"/>
      <line num="125" count="41" type="cond" truecount="1" falsecount="0"/>
      <line num="127" count="1" type="stmt"/>
      <line num="128" count="41" type="cond" truecount="1" falsecount="0"/>
      <line num="129" count="40" type="stmt"/>
      <line num="130" count="40" type="stmt"/>
      <line num="132" count="40" type="stmt"/>
      <line num="133" count="40" type="stmt"/>
      <line num="134" count="40" type="stmt"/>
      <line num="135" count="40" type="stmt"/>
      <line num="136" count="41" type="cond" truecount="1" falsecount="0"/>
      <line num="137" count="204" type="stmt"/>
      <line num="138" count="204" type="stmt"/>
      <line num="140" count="41" type="cond" truecount="1" falsecount="0"/>
      <line num="141" count="41" type="cond" truecount="0" falsecount="1"/>
      <line num="142" count="41" type="stmt"/>
      <line num="143" count="41" type="stmt"/>
      <line num="144" count="41" type="stmt"/>
      <line num="145" count="41" type="stmt"/>
      <line num="147" count="55" type="cond" truecount="1" falsecount="0"/>
      <line num="148" count="55" type="cond" truecount="3" falsecount="0"/>
      <line num="149" count="55" type="stmt"/>
      <line num="155" count="42" type="cond" truecount="1" falsecount="0"/>
      <line num="156" count="42" type="stmt"/>
      <line num="157" count="42" type="stmt"/>
      <line num="158" count="42" type="cond" truecount="1" falsecount="0"/>
      <line num="159" count="315" type="stmt"/>
      <line num="161" count="315" type="cond" truecount="2" falsecount="0"/>
      <line num="162" count="1" type="stmt"/>
      <line num="163" count="1" type="stmt"/>
      <line num="164" count="1" type="stmt"/>
      <line num="166" count="315" type="cond" truecount="3" falsecount="0"/>
      <line num="167" count="1" type="stmt"/>
      <line num="168" count="1" type="stmt"/>
      <line num="169" count="1" type="stmt"/>
      <line num="170" count="315" type="stmt"/>
      <line num="171" count="315" type="stmt"/>
      <line num="172" count="42" type="stmt"/>
      <line num="173" count="42" type="stmt"/>
      <line num="175" count="204" type="cond" truecount="1" falsecount="0"/>
      <line num="176" count="204" type="cond" truecount="2" falsecount="0"/>
      <line num="177" count="204" type="cond" truecount="1" falsecount="0"/>
      <line num="178" count="204" type="cond" truecount="1" falsecount="0"/>
      <line num="179" count="4" type="stmt"/>
      <line num="180" count="4" type="cond" truecount="1" falsecount="0"/>
      <line num="181" count="200" type="stmt"/>
      <line num="182" count="200" type="stmt"/>
      <line num="184" count="204" type="cond" truecount="1" falsecount="0"/>
      <line num="185" count="204" type="stmt"/>
      <line num="186" count="204" type="stmt"/>
      <line num="187" count="204" type="cond" truecount="1" falsecount="0"/>
      <line num="188" count="54" type="stmt"/>
      <line num="189" count="54" type="cond" truecount="1" falsecount="1"/>
      <line num="190" count="54" type="stmt"/>
      <line num="191" count="54" type="stmt"/>
      <line num="192" count="204" type="cond" truecount="1" falsecount="0"/>
      <line num="193" count="49" type="stmt"/>
      <line num="194" count="49" type="stmt"/>
      <line num="195" count="204" type="cond" truecount="1" falsecount="0"/>
      <line num="196" count="12" type="stmt"/>
      <line num="197" count="12" type="stmt"/>
      <line num="198" count="12" type="cond" truecount="0" falsecount="1"/>
      <line num="199" count="12" type="cond" truecount="0" falsecount="1"/>
      <line num="200" count="12" type="cond" truecount="0" falsecount="1"/>
      <line num="201" count="12" type="cond" truecount="0" falsecount="1"/>
      <line num="202" count="12" type="cond" truecount="0" falsecount="1"/>
      <line num="203" count="12" type="stmt"/>
      <line num="204" count="12" type="stmt"/>
      <line num="205" count="12" type="stmt"/>
      <line num="206" count="204" type="cond" truecount="0" falsecount="1"/>
      <line num="207" count="0" type="stmt"/>
      <line num="208" count="0" type="stmt"/>
      <line num="209" count="204" type="cond" truecount="1" falsecount="0"/>
      <line num="210" count="8" type="stmt"/>
      <line num="211" count="8" type="stmt"/>
      <line num="212" count="204" type="cond" truecount="1" falsecount="0"/>
      <line num="213" count="1" type="stmt"/>
      <line num="214" count="1" type="stmt"/>
      <line num="215" count="204" type="cond" truecount="1" falsecount="0"/>
      <line num="216" count="27" type="stmt"/>
      <line num="217" count="27" type="stmt"/>
      <line num="218" count="204" type="cond" truecount="1" falsecount="0"/>
      <line num="219" count="18" type="stmt"/>
      <line num="220" count="18" type="stmt"/>
      <line num="221" count="204" type="cond" truecount="1" falsecount="0"/>
      <line num="222" count="2" type="stmt"/>
      <line num="223" count="2" type="stmt"/>
      <line num="224" count="204" type="cond" truecount="1" falsecount="0"/>
      <line num="225" count="8" type="stmt"/>
      <line num="226" count="8" type="stmt"/>
      <line num="227" count="8" type="stmt"/>
      <line num="228" count="8" type="cond" truecount="0" falsecount="1"/>
      <line num="229" count="8" type="cond" truecount="0" falsecount="1"/>
      <line num="230" count="8" type="cond" truecount="0" falsecount="1"/>
      <line num="231" count="8" type="cond" truecount="0" falsecount="1"/>
      <line num="232" count="8" type="cond" truecount="0" falsecount="1"/>
      <line num="233" count="8" type="cond" truecount="0" falsecount="1"/>
      <line num="234" count="8" type="cond" truecount="0" falsecount="1"/>
      <line num="235" count="8" type="stmt"/>
      <line num="236" count="8" type="stmt"/>
      <line num="237" count="8" type="stmt"/>
      <line num="238" count="204" type="cond" truecount="1" falsecount="0"/>
      <line num="239" count="1" type="stmt"/>
      <line num="240" count="1" type="stmt"/>
      <line num="241" count="204" type="cond" truecount="1" falsecount="0"/>
      <line num="242" count="12" type="stmt"/>
      <line num="243" count="12" type="stmt"/>
      <line num="244" count="204" type="cond" truecount="1" falsecount="0"/>
      <line num="245" count="8" type="stmt"/>
      <line num="246" count="8" type="stmt"/>
      <line num="247" count="204" type="cond" truecount="1" falsecount="0"/>
      <line num="248" count="204" type="cond" truecount="1" falsecount="0"/>
      <line num="249" count="2" type="stmt"/>
      <line num="250" count="2" type="stmt"/>
      <line num="251" count="2" type="stmt"/>
      <line num="252" count="204" type="cond" truecount="0" falsecount="1"/>
      <line num="253" count="204" type="cond" truecount="0" falsecount="1"/>
      <line num="254" count="0" type="stmt"/>
      <line num="255" count="204" type="cond" truecount="1" falsecount="0"/>
      <line num="256" count="2" type="stmt"/>
      <line num="257" count="204" type="stmt"/>
      <line num="258" count="204" type="stmt"/>
      <line num="259" count="204" type="stmt"/>
      <line num="260" count="204" type="stmt"/>
      <line num="262" count="2" type="cond" truecount="1" falsecount="0"/>
      <line num="263" count="2" type="cond" truecount="1" falsecount="1"/>
      <line num="264" count="2" type="cond" truecount="0" falsecount="1"/>
      <line num="265" count="2" type="stmt"/>
      <line num="266" count="2" type="cond" truecount="0" falsecount="1"/>
      <line num="267" count="2" type="stmt"/>
      <line num="268" count="2" type="cond" truecount="0" falsecount="3"/>
      <line num="269" count="0" type="stmt"/>
      <line num="270" count="0" type="stmt"/>
      <line num="271" count="2" type="stmt"/>
      <line num="272" count="2" type="stmt"/>
      <line num="274" count="2" type="cond" truecount="1" falsecount="0"/>
      <line num="275" count="2" type="stmt"/>
      <line num="276" count="2" type="cond" truecount="1" falsecount="0"/>
      <line num="277" count="2" type="stmt"/>
      <line num="278" count="2" type="stmt"/>
      <line num="280" count="47" type="cond" truecount="1" falsecount="0"/>
      <line num="281" count="47" type="cond" truecount="0" falsecount="1"/>
      <line num="282" count="47" type="stmt"/>
      <line num="283" count="47" type="stmt"/>
      <line num="285" count="54" type="cond" truecount="1" falsecount="0"/>
      <line num="286" count="54" type="stmt"/>
      <line num="287" count="54" type="stmt"/>
      <line num="288" count="54" type="stmt"/>
      <line num="289" count="54" type="stmt"/>
      <line num="290" count="54" type="stmt"/>
      <line num="291" count="54" type="stmt"/>
      <line num="292" count="54" type="stmt"/>
      <line num="293" count="54" type="stmt"/>
      <line num="294" count="54" type="stmt"/>
      <line num="295" count="54" type="stmt"/>
      <line num="296" count="54" type="stmt"/>
      <line num="299" count="1" type="cond" truecount="1" falsecount="0"/>
      <line num="300" count="42" type="stmt"/>
      <line num="301" count="42" type="stmt"/>
      <line num="302" count="42" type="stmt"/>
      <line num="303" count="42" type="stmt"/>
      <line num="304" count="42" type="stmt"/>
      <line num="305" count="42" type="stmt"/>
      <line num="307" count="42" type="cond" truecount="1" falsecount="0"/>
      <line num="308" count="315" type="stmt"/>
      <line num="309" count="315" type="cond" truecount="2" falsecount="0"/>
      <line num="310" count="313" type="stmt"/>
      <line num="311" count="315" type="cond" truecount="1" falsecount="0"/>
      <line num="312" count="54" type="stmt"/>
      <line num="313" count="54" type="cond" truecount="0" falsecount="2"/>
      <line num="315" count="0" type="stmt"/>
      <line num="316" count="0" type="stmt"/>
      <line num="317" count="54" type="stmt"/>
      <line num="318" count="54" type="stmt"/>
      <line num="319" count="54" type="stmt"/>
      <line num="320" count="54" type="cond" truecount="1" falsecount="0"/>
      <line num="321" count="315" type="cond" truecount="1" falsecount="0"/>
      <line num="322" count="54" type="stmt"/>
      <line num="323" count="54" type="stmt"/>
      <line num="324" count="54" type="stmt"/>
      <line num="325" count="54" type="stmt"/>
      <line num="326" count="54" type="stmt"/>
      <line num="327" count="54" type="stmt"/>
      <line num="328" count="54" type="cond" truecount="1" falsecount="0"/>
      <line num="329" count="205" type="cond" truecount="1" falsecount="1"/>
      <line num="330" count="205" type="stmt"/>
      <line num="331" count="315" type="cond" truecount="1" falsecount="0"/>
      <line num="332" count="1" type="stmt"/>
      <line num="333" count="1" type="stmt"/>
      <line num="334" count="1" type="cond" truecount="1" falsecount="0"/>
      <line num="335" count="204" type="stmt"/>
      <line num="336" count="204" type="stmt"/>
      <line num="337" count="315" type="cond" truecount="0" falsecount="1"/>
      <line num="338" count="0" type="stmt"/>
      <line num="339" count="0" type="stmt"/>
      <line num="340" count="0" type="stmt"/>
      <line num="341" count="0" type="stmt"/>
      <line num="342" count="0" type="stmt"/>
      <line num="343" count="315" type="stmt"/>
      <line num="344" count="42" type="cond" truecount="0" falsecount="1"/>
      <line num="345" count="42" type="stmt"/>
      <line num="346" count="42" type="stmt"/>
      <line num="348" count="54" type="cond" truecount="1" falsecount="0"/>
      <line num="350" count="54" type="stmt"/>
      <line num="351" count="54" type="cond" truecount="5" falsecount="1"/>
      <line num="352" count="54" type="cond" truecount="3" falsecount="0"/>
      <line num="353" count="54" type="cond" truecount="1" falsecount="0"/>
      <line num="354" count="1" type="stmt"/>
      <line num="355" count="1" type="stmt"/>
      <line num="356" count="1" type="cond" truecount="1" falsecount="0"/>
      <line num="357" count="54" type="cond" truecount="2" falsecount="0"/>
      <line num="358" count="53" type="stmt"/>
      <line num="359" count="53" type="stmt"/>
      <line num="361" count="1" type="cond" truecount="1" falsecount="0"/>
      <line num="362" count="1" type="cond" truecount="0" falsecount="1"/>
      <line num="363" count="1" type="stmt"/>
    </file>
    <file name="quotedPrintable.ts" path="/home/user/vcardlab/src/core/quotedPrintable.ts">
      <metrics statements="56" coveredstatements="52" conditionals="16" coveredconditionals="13" methods="3" coveredmethods="3"/>
      <line num="4" count="4" type="cond" truecount="1" falsecount="0"/>
      <line num="5" count="4" type="cond" truecount="2" falsecount="0"/>
      <line num="6" count="3" type="stmt"/>
      <line num="7" count="3" type="stmt"/>
      <line num="8" count="3" type="stmt"/>
      <line num="9" count="3" type="stmt"/>
      <line num="10" count="3" type="stmt"/>
      <line num="11" count="3" type="stmt"/>
      <line num="12" count="3" type="stmt"/>
      <line num="13" count="3" type="stmt"/>
      <line num="14" count="3" type="stmt"/>
      <line num="15" count="3" type="stmt"/>
      <line num="16" count="3" type="stmt"/>
      <line num="17" count="3" type="stmt"/>
      <line num="18" count="3" type="stmt"/>
      <line num="19" count="4" type="cond" truecount="0" falsecount="1"/>
      <line num="20" count="4" type="stmt"/>
      <line num="27" count="1" type="cond" truecount="1" falsecount="0"/>
      <line num="29" count="4" type="stmt"/>
      <line num="30" count="4" type="stmt"/>
      <line num="31" count="4" type="cond" truecount="1" falsecount="0"/>
      <line num="32" count="54" type="stmt"/>
      <line num="33" count="54" type="cond" truecount="2" falsecount="0"/>
      <line num="34" count="8" type="stmt"/>
      <line num="35" count="8" type="stmt"/>
      <line num="36" count="8" type="stmt"/>
      <line num="37" count="8" type="stmt"/>
      <line num="38" count="8" type="stmt"/>
      <line num="39" count="8" type="stmt"/>
      <line num="40" count="8" type="cond" truecount="1" falsecount="0"/>
      <line num="43" count="46" type="stmt"/>
      <line num="44" count="46" type="stmt"/>
      <line num="45" count="46" type="stmt"/>
      <line num="46" count="54" type="cond" truecount="0" falsecount="1"/>
      <line num="47" count="0" type="stmt"/>
      <line num="48" count="0" type="stmt"/>
      <line num="49" count="54" type="stmt"/>
      <line num="50" count="4" type="stmt"/>
      <line num="51" count="4" type="stmt"/>
      <line num="52" count="4" type="stmt"/>
      <line num="53" count="4" type="cond" truecount="0" falsecount="1"/>
      <line num="54" count="0" type="stmt"/>
      <line num="55" count="0" type="stmt"/>
      <line num="56" count="4" type="stmt"/>
      <line num="59" count="1" type="cond" truecount="1" falsecount="0"/>
      <line num="60" count="1" type="stmt"/>
      <line num="61" count="1" type="stmt"/>
      <line num="62" count="1" type="cond" truecount="1" falsecount="0"/>
      <line num="64" count="11" type="cond" truecount="2" falsecount="0"/>
      <line num="65" count="9" type="stmt"/>
      <line num="66" count="11" type="cond" truecount="1" falsecount="0"/>
      <line num="67" count="2" type="stmt"/>
      <line num="68" count="2" type="stmt"/>
      <line num="69" count="11" type="stmt"/>
      <line num="70" count="1" type="stmt"/>
      <line num="71" count="1" type="stmt"/>
    </file>
    <file name="serialize.ts" path="/home/user/vcardlab/src/core/serialize.ts">
      <metrics statements="192" coveredstatements="170" conditionals="66" coveredconditionals="48" methods="10" coveredmethods="10"/>
      <line num="3" count="1" type="stmt"/>
      <line num="4" count="1" type="stmt"/>
      <line num="8" count="1" type="stmt"/>
      <line num="11" count="99" type="cond" truecount="1" falsecount="0"/>
      <line num="12" count="99" type="stmt"/>
      <line num="13" count="99" type="stmt"/>
      <line num="14" count="99" type="stmt"/>
      <line num="15" count="99" type="stmt"/>
      <line num="16" count="99" type="stmt"/>
      <line num="17" count="99" type="stmt"/>
      <line num="19" count="2" type="cond" truecount="1" falsecount="0"/>
      <line num="20" count="2" type="stmt"/>
      <line num="21" count="2" type="stmt"/>
      <line num="24" count="40" type="cond" truecount="1" falsecount="0"/>
      <line num="25" count="40" type="cond" truecount="2" falsecount="0"/>
      <line num="26" count="1" type="stmt"/>
      <line num="27" count="1" type="stmt"/>
      <line num="29" count="1" type="stmt"/>
      <line num="30" count="1" type="stmt"/>
      <line num="31" count="40" type="cond" truecount="1" falsecount="0"/>
      <line num="32" count="4" type="stmt"/>
      <line num="33" count="4" type="stmt"/>
      <line num="34" count="4" type="cond" truecount="1" falsecount="0"/>
      <line num="35" count="1" type="stmt"/>
      <line num="36" count="1" type="stmt"/>
      <line num="48" count="20" type="cond" truecount="1" falsecount="0"/>
      <line num="49" count="20" type="stmt"/>
      <line num="50" count="20" type="cond" truecount="2" falsecount="0"/>
      <line num="51" count="8" type="cond" truecount="0" falsecount="1"/>
      <line num="53" count="0" type="stmt"/>
      <line num="54" count="8" type="stmt"/>
      <line num="55" count="8" type="cond" truecount="1" falsecount="0"/>
      <line num="56" count="8" type="stmt"/>
      <line num="57" count="8" type="stmt"/>
      <line num="58" count="20" type="cond" truecount="0" falsecount="1"/>
      <line num="60" count="20" type="cond" truecount="0" falsecount="1"/>
      <line num="63" count="20" type="cond" truecount="3" falsecount="0"/>
      <line num="64" count="1" type="stmt"/>
      <line num="65" count="1" type="stmt"/>
      <line num="66" count="1" type="stmt"/>
      <line num="68" count="20" type="stmt"/>
      <line num="69" count="20" type="stmt"/>
      <line num="70" count="20" type="stmt"/>
      <line num="72" count="21" type="cond" truecount="1" falsecount="0"/>
      <line num="73" count="21" type="cond" truecount="1" falsecount="0"/>
      <line num="74" count="21" type="stmt"/>
      <line num="77" count="1" type="cond" truecount="1" falsecount="0"/>
      <line num="78" count="7" type="stmt"/>
      <line num="79" count="7" type="stmt"/>
      <line num="80" count="7" type="stmt"/>
      <line num="82" count="7" type="stmt"/>
      <line num="83" count="7" type="stmt"/>
      <line num="85" count="7" type="stmt"/>
      <line num="86" count="7" type="stmt"/>
      <line num="87" count="7" type="stmt"/>
      <line num="89" count="7" type="stmt"/>
      <line num="90" count="7" type="cond" truecount="1" falsecount="1"/>
      <line num="91" count="0" type="stmt"/>
      <line num="92" count="0" type="stmt"/>
      <line num="93" count="0" type="stmt"/>
      <line num="94" count="0" type="stmt"/>
      <line num="95" count="0" type="stmt"/>
      <line num="96" count="7" type="stmt"/>
      <line num="97" count="7" type="stmt"/>
      <line num="99" count="7" type="cond" truecount="0" falsecount="1"/>
      <line num="101" count="7" type="cond" truecount="2" falsecount="0"/>
      <line num="102" count="4" type="stmt"/>
      <line num="103" count="4" type="stmt"/>
      <line num="104" count="4" type="stmt"/>
      <line num="105" count="7" type="cond" truecount="0" falsecount="1"/>
      <line num="107" count="7" type="stmt"/>
      <line num="108" count="7" type="stmt"/>
      <line num="109" count="7" type="stmt"/>
      <line num="111" count="7" type="cond" truecount="1" falsecount="0"/>
      <line num="112" count="4" type="stmt"/>
      <line num="113" count="4" type="stmt"/>
      <line num="114" count="4" type="stmt"/>
      <line num="115" count="4" type="stmt"/>
      <line num="116" count="4" type="cond" truecount="0" falsecount="1"/>
      <line num="117" count="0" type="stmt"/>
      <line num="118" count="4" type="cond" truecount="1" falsecount="1"/>
      <line num="119" count="0" type="stmt"/>
      <line num="120" count="4" type="stmt"/>
      <line num="121" count="4" type="stmt"/>
      <line num="123" count="7" type="cond" truecount="0" falsecount="1"/>
      <line num="124" count="7" type="cond" truecount="1" falsecount="0"/>
      <line num="125" count="7" type="cond" truecount="1" falsecount="0"/>
      <line num="126" count="4" type="stmt"/>
      <line num="127" count="4" type="stmt"/>
      <line num="129" count="7" type="cond" truecount="1" falsecount="0"/>
      <line num="130" count="1" type="cond" truecount="0" falsecount="1"/>
      <line num="131" count="0" type="stmt"/>
      <line num="132" count="0" type="stmt"/>
      <line num="133" count="0" type="stmt"/>
      <line num="134" count="0" type="stmt"/>
      <line num="135" count="0" type="stmt"/>
      <line num="136" count="1" type="stmt"/>
      <line num="137" count="1" type="cond" truecount="0" falsecount="1"/>
      <line num="138" count="1" type="stmt"/>
      <line num="139" count="1" type="cond" truecount="0" falsecount="1"/>
      <line num="140" count="1" type="stmt"/>
      <line num="141" count="1" type="cond" truecount="0" falsecount="1"/>
      <line num="142" count="0" type="stmt"/>
      <line num="143" count="0" type="stmt"/>
      <line num="144" count="0" type="stmt"/>
      <line num="145" count="0" type="stmt"/>
      <line num="146" count="1" type="stmt"/>
      <line num="147" count="1" type="stmt"/>
      <line num="149" count="7" type="cond" truecount="0" falsecount="1"/>
      <line num="150" count="0" type="stmt"/>
      <line num="151" count="0" type="stmt"/>
      <line num="152" count="0" type="stmt"/>
      <line num="153" count="0" type="stmt"/>
      <line num="155" count="7" type="stmt"/>
      <line num="156" count="7" type="stmt"/>
      <line num="157" count="7" type="stmt"/>
      <line num="160" count="1" type="cond" truecount="1" falsecount="0"/>
      <line num="161" count="1" type="cond" truecount="1" falsecount="0"/>
      <line num="162" count="1" type="stmt"/>
      <line num="166" count="60" type="cond" truecount="1" falsecount="0"/>
      <line num="167" count="60" type="cond" truecount="2" falsecount="0"/>
      <line num="168" count="57" type="stmt"/>
      <line num="169" count="57" type="stmt"/>
      <line num="172" count="1" type="cond" truecount="1" falsecount="0"/>
      <line num="173" count="2" type="cond" truecount="1" falsecount="0"/>
      <line num="174" count="2" type="cond" truecount="1" falsecount="0"/>
      <line num="175" count="2" type="cond" truecount="1" falsecount="0"/>
      <line num="177" count="2" type="stmt"/>
      <line num="178" count="2" type="stmt"/>
      <line num="179" count="2" type="stmt"/>
      <line num="180" count="2" type="stmt"/>
      <line num="181" count="2" type="stmt"/>
      <line num="182" count="2" type="stmt"/>
      <line num="183" count="2" type="stmt"/>
      <line num="184" count="2" type="stmt"/>
      <line num="185" count="2" type="stmt"/>
      <line num="186" count="2" type="stmt"/>
      <line num="187" count="2" type="cond" truecount="1" falsecount="0"/>
      <line num="188" count="2" type="stmt"/>
      <line num="190" count="2" type="stmt"/>
      <line num="191" count="2" type="stmt"/>
      <line num="192" count="2" type="stmt"/>
      <line num="193" count="2" type="stmt"/>
      <line num="194" count="2" type="cond" truecount="0" falsecount="1"/>
      <line num="195" count="2" type="cond" truecount="0" falsecount="1"/>
      <line num="196" count="2" type="stmt"/>
      <line num="197" count="2" type="cond" truecount="1" falsecount="0"/>
      <line num="198" count="2" type="stmt"/>
      <line num="199" count="2" type="stmt"/>
      <line num="200" count="2" type="stmt"/>
      <line num="201" count="2" type="cond" truecount="4" falsecount="0"/>
      <line num="202" count="2" type="stmt"/>
      <line num="203" count="2" type="stmt"/>
      <line num="204" count="2" type="cond" truecount="4" falsecount="0"/>
      <line num="205" count="2" type="stmt"/>
      <line num="206" count="2" type="cond" truecount="1" falsecount="0"/>
      <line num="207" count="1" type="stmt"/>
      <line num="208" count="1" type="stmt"/>
      <line num="209" count="1" type="cond" truecount="0" falsecount="1"/>
      <line num="210" count="0" type="stmt"/>
      <line num="211" count="1" type="cond" truecount="0" falsecount="1"/>
      <line num="212" count="1" type="stmt"/>
      <line num="213" count="2" type="stmt"/>
      <line num="214" count="2" type="stmt"/>
      <line num="215" count="2" type="stmt"/>
      <line num="216" count="2" type="stmt"/>
      <line num="217" count="2" type="cond" truecount="1" falsecount="0"/>
      <line num="218" count="2" type="stmt"/>
      <line num="219" count="2" type="stmt"/>
      <line num="220" count="2" type="stmt"/>
      <line num="222" count="2" type="stmt"/>
      <line num="223" count="2" type="stmt"/>
      <line num="228" count="1" type="cond" truecount="1" falsecount="0"/>
      <line num="229" count="1" type="cond" truecount="1" falsecount="0"/>
      <line num="230" count="1" type="stmt"/>
      <line num="231" count="1" type="stmt"/>
      <line num="232" count="1" type="stmt"/>
      <line num="233" count="1" type="stmt"/>
      <line num="234" count="1" type="stmt"/>
      <line num="235" count="1" type="stmt"/>
      <line num="236" count="1" type="stmt"/>
      <line num="237" count="1" type="stmt"/>
      <line num="238" count="1" type="stmt"/>
      <line num="239" count="1" type="stmt"/>
      <line num="240" count="1" type="stmt"/>
      <line num="241" count="1" type="stmt"/>
      <line num="242" count="1" type="stmt"/>
      <line num="243" count="1" type="stmt"/>
      <line num="244" count="1" type="stmt"/>
      <line num="245" count="1" type="stmt"/>
      <line num="246" count="1" type="stmt"/>
      <line num="247" count="1" type="stmt"/>
    </file>
    <file name="split.ts" path="/home/user/vcardlab/src/core/split.ts">
      <metrics statements="26" coveredstatements="26" conditionals="11" coveredconditionals="10" methods="3" coveredmethods="3"/>
      <line num="3" count="1" type="stmt"/>
      <line num="6" count="1" type="cond" truecount="1" falsecount="0"/>
      <line num="7" count="2" type="cond" truecount="1" falsecount="0"/>
      <line num="8" count="1" type="stmt"/>
      <line num="9" count="2" type="cond" truecount="2" falsecount="0"/>
      <line num="10" count="1" type="stmt"/>
      <line num="11" count="1" type="stmt"/>
      <line num="14" count="1" type="cond" truecount="1" falsecount="0"/>
      <line num="15" count="2" type="stmt"/>
      <line num="16" count="2" type="stmt"/>
      <line num="17" count="2" type="stmt"/>
      <line num="18" count="2" type="stmt"/>
      <line num="19" count="2" type="stmt"/>
      <line num="20" count="2" type="stmt"/>
      <line num="21" count="2" type="stmt"/>
      <line num="22" count="2" type="stmt"/>
      <line num="23" count="2" type="cond" truecount="0" falsecount="1"/>
      <line num="24" count="2" type="stmt"/>
      <line num="27" count="1" type="cond" truecount="1" falsecount="0"/>
      <line num="28" count="1" type="stmt"/>
      <line num="29" count="1" type="cond" truecount="1" falsecount="0"/>
      <line num="30" count="4" type="cond" truecount="1" falsecount="0"/>
      <line num="31" count="4" type="stmt"/>
      <line num="32" count="4" type="cond" truecount="2" falsecount="0"/>
      <line num="33" count="1" type="stmt"/>
      <line num="34" count="1" type="stmt"/>
    </file>
    <file name="zip.ts" path="/home/user/vcardlab/src/core/zip.ts">
      <metrics statements="8" coveredstatements="8" conditionals="2" coveredconditionals="2" methods="1" coveredmethods="1"/>
      <line num="3" count="1" type="stmt"/>
      <line num="11" count="1" type="cond" truecount="1" falsecount="0"/>
      <line num="12" count="1" type="stmt"/>
      <line num="13" count="1" type="cond" truecount="1" falsecount="0"/>
      <line num="14" count="2" type="stmt"/>
      <line num="15" count="2" type="stmt"/>
      <line num="17" count="1" type="stmt"/>
      <line num="18" count="1" type="stmt"/>
    </file>
  </project>
</coverage>
