{"/home/user/vcardlab/src/core/clean.ts": {"path":"/home/user/vcardlab/src/core/clean.ts","all":false,"statementMap":{"2":{"start":{"line":3,"column":0},"end":{"line":3,"column":38}},"5":{"start":{"line":6,"column":0},"end":{"line":6,"column":61}},"6":{"start":{"line":7,"column":0},"end":{"line":7,"column":67}},"7":{"start":{"line":8,"column":0},"end":{"line":8,"column":1}},"10":{"start":{"line":11,"column":0},"end":{"line":11,"column":59}},"11":{"start":{"line":12,"column":0},"end":{"line":12,"column":25}},"12":{"start":{"line":13,"column":0},"end":{"line":13,"column":10}},"13":{"start":{"line":14,"column":0},"end":{"line":14,"column":13}},"14":{"start":{"line":15,"column":0},"end":{"line":15,"column":43}},"15":{"start":{"line":16,"column":0},"end":{"line":16,"column":39}},"16":{"start":{"line":17,"column":0},"end":{"line":17,"column":24}},"17":{"start":{"line":18,"column":0},"end":{"line":18,"column":24}},"18":{"start":{"line":19,"column":0},"end":{"line":19,"column":25}},"19":{"start":{"line":20,"column":0},"end":{"line":20,"column":3}},"20":{"start":{"line":21,"column":0},"end":{"line":21,"column":1}},"22":{"start":{"line":23,"column":0},"end":{"line":23,"column":57}},"23":{"start":{"line":24,"column":0},"end":{"line":24,"column":52}},"24":{"start":{"line":25,"column":0},"end":{"line":25,"column":1}},"27":{"start":{"line":28,"column":0},"end":{"line":28,"column":64}},"28":{"start":{"line":29,"column":0},"end":{"line":29,"column":31}},"29":{"start":{"line":30,"column":0},"end":{"line":30,"column":9}},"30":{"start":{"line":31,"column":0},"end":{"line":31,"column":22}},"31":{"start":{"line":32,"column":0},"end":{"line":32,"column":28}},"32":{"start":{"line":33,"column":0},"end":{"line":33,"column":34}},"33":{"start":{"line":34,"column":0},"end":{"line":34,"column":26}},"34":{"start":{"line":35,"column":0},"end":{"line":35,"column":37}},"35":{"start":{"line":36,"column":0},"end":{"line":36,"column":67}},"36":{"start":{"line":37,"column":0},"end":{"line":37,"column":67}},"37":{"start":{"line":38,"column":0},"end":{"line":38,"column":63}},"38":{"start":{"line":39,"column":0},"end":{"line":39,"column":5}},"39":{"start":{"line":40,"column":0},"end":{"line":40,"column":1}},"45":{"start":{"line":46,"column":0},"end":{"line":46,"column":74}},"46":{"start":{"line":47,"column":0},"end":{"line":47,"column":40}},"47":{"start":{"line":48,"column":0},"end":{"line":48,"column":30}},"48":{"start":{"line":49,"column":0},"end":{"line":49,"column":40}},"49":{"start":{"line":50,"column":0},"end":{"line":50,"column":48}},"50":{"start":{"line":51,"column":0},"end":{"line":51,"column":31}},"51":{"start":{"line":52,"column":0},"end":{"line":52,"column":37}},"52":{"start":{"line":53,"column":0},"end":{"line":53,"column":3}},"53":{"start":{"line":54,"column":0},"end":{"line":54,"column":31}},"54":{"start":{"line":55,"column":0},"end":{"line":55,"column":9}},"55":{"start":{"line":56,"column":0},"end":{"line":56,"column":65}},"56":{"start":{"line":57,"column":0},"end":{"line":57,"column":5}},"57":{"start":{"line":58,"column":0},"end":{"line":58,"column":1}},"64":{"start":{"line":65,"column":0},"end":{"line":65,"column":64}},"65":{"start":{"line":66,"column":0},"end":{"line":66,"column":60}},"66":{"start":{"line":67,"column":0},"end":{"line":67,"column":62}},"67":{"start":{"line":68,"column":0},"end":{"line":68,"column":41}},"68":{"start":{"line":69,"column":0},"end":{"line":69,"column":9}},"70":{"start":{"line":71,"column":0},"end":{"line":71,"column":80}},"71":{"start":{"line":72,"column":0},"end":{"line":72,"column":78}},"73":{"start":{"line":74,"column":0},"end":{"line":74,"column":75}},"74":{"start":{"line":75,"column":0},"end":{"line":75,"column":13}},"76":{"start":{"line":77,"column":0},"end":{"line":77,"column":5}},"77":{"start":{"line":78,"column":0},"end":{"line":78,"column":12}},"78":{"start":{"line":79,"column":0},"end":{"line":79,"column":3}},"79":{"start":{"line":80,"column":0},"end":{"line":80,"column":31}},"80":{"start":{"line":81,"column":0},"end":{"line":81,"column":9}},"81":{"start":{"line":82,"column":0},"end":{"line":82,"column":18}},"82":{"start":{"line":83,"column":0},"end":{"line":83,"column":24}},"83":{"start":{"line":84,"column":0},"end":{"line":84,"column":30}},"84":{"start":{"line":85,"column":0},"end":{"line":85,"column":22}},"85":{"start":{"line":86,"column":0},"end":{"line":86,"column":40}},"86":{"start":{"line":87,"column":0},"end":{"line":87,"column":10}},"87":{"start":{"line":88,"column":0},"end":{"line":88,"column":9}},"88":{"start":{"line":89,"column":0},"end":{"line":89,"column":48}},"89":{"start":{"line":90,"column":0},"end":{"line":90,"column":45}},"90":{"start":{"line":91,"column":0},"end":{"line":91,"column":60}},"91":{"start":{"line":92,"column":0},"end":{"line":92,"column":48}},"92":{"start":{"line":93,"column":0},"end":{"line":93,"column":48}},"93":{"start":{"line":94,"column":0},"end":{"line":94,"column":9}},"94":{"start":{"line":95,"column":0},"end":{"line":95,"column":12}},"95":{"start":{"line":96,"column":0},"end":{"line":96,"column":40}},"96":{"start":{"line":97,"column":0},"end":{"line":97,"column":11}},"97":{"start":{"line":98,"column":0},"end":{"line":98,"column":40}},"98":{"start":{"line":99,"column":0},"end":{"line":99,"column":46}},"99":{"start":{"line":100,"column":0},"end":{"line":100,"column":40}},"100":{"start":{"line":101,"column":0},"end":{"line":101,"column":43}},"101":{"start":{"line":102,"column":0},"end":{"line":102,"column":8}},"102":{"start":{"line":103,"column":0},"end":{"line":103,"column":5}},"103":{"start":{"line":104,"column":0},"end":{"line":104,"column":1}}},"s":{"2":1,"5":1,"6":2,"7":2,"10":1,"11":2,"12":2,"13":2,"14":1,"15":1,"16":1,"17":1,"18":1,"19":2,"20":2,"22":4,"23":4,"24":4,"27":1,"28":1,"29":1,"30":1,"31":1,"32":1,"33":1,"34":1,"35":1,"36":1,"37":1,"38":1,"39":1,"45":1,"46":2,"47":2,"48":2,"49":2,"50":2,"51":2,"52":2,"53":2,"54":2,"55":2,"56":2,"57":2,"64":1,"65":2,"66":2,"67":18,"68":1,"70":1,"71":1,"73":18,"74":18,"76":0,"77":0,"78":18,"79":2,"80":2,"81":2,"82":2,"83":2,"84":2,"85":2,"86":2,"87":2,"88":2,"89":2,"90":2,"91":2,"92":2,"93":2,"94":0,"95":2,"96":0,"97":0,"98":0,"99":0,"100":0,"101":2,"102":2,"103":2},"branchMap":{"0":{"type":"branch","line":6,"loc":{"start":{"line":6,"column":7},"end":{"line":8,"column":1}},"locations":[{"start":{"line":6,"column":7},"end":{"line":8,"column":1}}]},"1":{"type":"branch","line":7,"loc":{"start":{"line":7,"column":22},"end":{"line":7,"column":66}},"locations":[{"start":{"line":7,"column":22},"end":{"line":7,"column":66}}]},"2":{"type":"branch","line":7,"loc":{"start":{"line":7,"column":32},"end":{"line":7,"column":64}},"locations":[{"start":{"line":7,"column":32},"end":{"line":7,"column":64}}]},"3":{"type":"branch","line":7,"loc":{"start":{"line":7,"column":60},"end":{"line":7,"column":66}},"locations":[{"start":{"line":7,"column":60},"end":{"line":7,"column":66}}]},"4":{"type":"branch","line":11,"loc":{"start":{"line":11,"column":7},"end":{"line":21,"column":1}},"locations":[{"start":{"line":11,"column":7},"end":{"line":21,"column":1}}]},"5":{"type":"branch","line":13,"loc":{"start":{"line":13,"column":4},"end":{"line":19,"column":25}},"locations":[{"start":{"line":13,"column":4},"end":{"line":19,"column":25}}]},"6":{"type":"branch","line":14,"loc":{"start":{"line":14,"column":8},"end":{"line":15,"column":43}},"locations":[{"start":{"line":14,"column":8},"end":{"line":15,"column":43}}]},"7":{"type":"branch","line":15,"loc":{"start":{"line":15,"column":33},"end":{"line":16,"column":39}},"locations":[{"start":{"line":15,"column":33},"end":{"line":16,"column":39}}]},"8":{"type":"branch","line":16,"loc":{"start":{"line":16,"column":9},"end":{"line":16,"column":39}},"locations":[{"start":{"line":16,"column":9},"end":{"line":16,"column":39}}]},"9":{"type":"branch","line":16,"loc":{"start":{"line":16,"column":34},"end":{"line":17,"column":24}},"locations":[{"start":{"line":16,"column":34},"end":{"line":17,"column":24}}]},"10":{"type":"branch","line":17,"loc":{"start":{"line":17,"column":15},"end":{"line":18,"column":24}},"locations":[{"start":{"line":17,"column":15},"end":{"line":18,"column":24}}]},"11":{"type":"branch","line":18,"loc":{"start":{"line":18,"column":15},"end":{"line":19,"column":25}},"locations":[{"start":{"line":18,"column":15},"end":{"line":19,"column":25}}]},"12":{"type":"branch","line":23,"loc":{"start":{"line":23,"column":0},"end":{"line":25,"column":1}},"locations":[{"start":{"line":23,"column":0},"end":{"line":25,"column":1}}]},"13":{"type":"branch","line":24,"loc":{"start":{"line":24,"column":23},"end":{"line":24,"column":45}},"locations":[{"start":{"line":24,"column":23},"end":{"line":24,"column":45}}]},"14":{"type":"branch","line":24,"loc":{"start":{"line":24,"column":41},"end":{"line":24,"column":52}},"locations":[{"start":{"line":24,"column":41},"end":{"line":24,"column":52}}]},"15":{"type":"branch","line":28,"loc":{"start":{"line":28,"column":7},"end":{"line":40,"column":1}},"locations":[{"start":{"line":28,"column":7},"end":{"line":40,"column":1}}]},"16":{"type":"branch","line":29,"loc":{"start":{"line":29,"column":22},"end":{"line":39,"column":4}},"locations":[{"start":{"line":29,"column":22},"end":{"line":39,"column":4}}]},"17":{"type":"branch","line":35,"loc":{"start":{"line":35,"column":11},"end":{"line":35,"column":20}},"locations":[{"start":{"line":35,"column":11},"end":{"line":35,"column":20}}]},"18":{"type":"branch","line":36,"loc":{"start":{"line":36,"column":25},"end":{"line":36,"column":65}},"locations":[{"start":{"line":36,"column":25},"end":{"line":36,"column":65}}]},"19":{"type":"branch","line":46,"loc":{"start":{"line":46,"column":7},"end":{"line":58,"column":1}},"locations":[{"start":{"line":46,"column":7},"end":{"line":58,"column":1}}]},"20":{"type":"branch","line":47,"loc":{"start":{"line":47,"column":14},"end":{"line":53,"column":3}},"locations":[{"start":{"line":47,"column":14},"end":{"line":53,"column":3}}]},"21":{"type":"branch","line":51,"loc":{"start":{"line":51,"column":17},"end":{"line":51,"column":31}},"locations":[{"start":{"line":51,"column":17},"end":{"line":51,"column":31}}]},"22":{"type":"branch","line":52,"loc":{"start":{"line":52,"column":12},"end":{"line":52,"column":25}},"locations":[{"start":{"line":52,"column":12},"end":{"line":52,"column":25}}]},"23":{"type":"branch","line":52,"loc":{"start":{"line":52,"column":19},"end":{"line":52,"column":31}},"locations":[{"start":{"line":52,"column":19},"end":{"line":52,"column":31}}]},"24":{"type":"branch","line":54,"loc":{"start":{"line":54,"column":22},"end":{"line":57,"column":4}},"locations":[{"start":{"line":54,"column":22},"end":{"line":57,"column":4}}]},"25":{"type":"branch","line":56,"loc":{"start":{"line":56,"column":25},"end":{"line":56,"column":63}},"locations":[{"start":{"line":56,"column":25},"end":{"line":56,"column":63}}]},"26":{"type":"branch","line":65,"loc":{"start":{"line":65,"column":7},"end":{"line":104,"column":1}},"locations":[{"start":{"line":65,"column":7},"end":{"line":104,"column":1}}]},"27":{"type":"branch","line":66,"loc":{"start":{"line":66,"column":24},"end":{"line":66,"column":60}},"locations":[{"start":{"line":66,"column":24},"end":{"line":66,"column":60}}]},"28":{"type":"branch","line":67,"loc":{"start":{"line":67,"column":14},"end":{"line":79,"column":3}},"locations":[{"start":{"line":67,"column":14},"end":{"line":79,"column":3}}]},"29":{"type":"branch","line":68,"loc":{"start":{"line":68,"column":9},"end":{"line":68,"column":33}},"locations":[{"start":{"line":68,"column":9},"end":{"line":68,"column":33}}]},"30":{"type":"branch","line":68,"loc":{"start":{"line":68,"column":33},"end":{"line":68,"column":41}},"locations":[{"start":{"line":68,"column":33},"end":{"line":68,"column":41}}]},"31":{"type":"branch","line":68,"loc":{"start":{"line":68,"column":40},"end":{"line":74,"column":61}},"locations":[{"start":{"line":68,"column":40},"end":{"line":74,"column":61}}]},"32":{"type":"branch","line":74,"loc":{"start":{"line":74,"column":61},"end":{"line":74,"column":75}},"locations":[{"start":{"line":74,"column":61},"end":{"line":74,"column":75}}]},"33":{"type":"branch","line":75,"loc":{"start":{"line":75,"column":4},"end":{"line":78,"column":12}},"locations":[{"start":{"line":75,"column":4},"end":{"line":78,"column":12}}]},"34":{"type":"branch","line":71,"loc":{"start":{"line":71,"column":47},"end":{"line":71,"column":78}},"locations":[{"start":{"line":71,"column":47},"end":{"line":71,"column":78}}]},"35":{"type":"branch","line":80,"loc":{"start":{"line":80,"column":22},"end":{"line":103,"column":4}},"locations":[{"start":{"line":80,"column":22},"end":{"line":103,"column":4}}]},"36":{"type":"branch","line":86,"loc":{"start":{"line":86,"column":11},"end":{"line":86,"column":20}},"locations":[{"start":{"line":86,"column":11},"end":{"line":86,"column":20}}]},"37":{"type":"branch","line":89,"loc":{"start":{"line":89,"column":32},"end":{"line":89,"column":48}},"locations":[{"start":{"line":89,"column":32},"end":{"line":89,"column":48}}]},"38":{"type":"branch","line":90,"loc":{"start":{"line":90,"column":30},"end":{"line":90,"column":45}},"locations":[{"start":{"line":90,"column":30},"end":{"line":90,"column":45}}]},"39":{"type":"branch","line":91,"loc":{"start":{"line":91,"column":40},"end":{"line":91,"column":60}},"locations":[{"start":{"line":91,"column":40},"end":{"line":91,"column":60}}]},"40":{"type":"branch","line":92,"loc":{"start":{"line":92,"column":32},"end":{"line":92,"column":48}},"locations":[{"start":{"line":92,"column":32},"end":{"line":92,"column":48}}]},"41":{"type":"branch","line":93,"loc":{"start":{"line":93,"column":32},"end":{"line":93,"column":48}},"locations":[{"start":{"line":93,"column":32},"end":{"line":93,"column":48}}]},"42":{"type":"branch","line":94,"loc":{"start":{"line":94,"column":8},"end":{"line":95,"column":12}},"locations":[{"start":{"line":94,"column":8},"end":{"line":95,"column":12}}]}},"b":{"0":[2],"1":[2],"2":[1],"3":[1],"4":[2],"5":[2],"6":[1],"7":[1],"8":[0],"9":[1],"10":[1],"11":[1],"12":[4],"13":[1],"14":[3],"15":[1],"16":[1],"17":[0],"18":[1],"19":[2],"20":[2],"21":[0],"22":[1],"23":[1],"24":[2],"25":[2],"26":[2],"27":[3],"28":[18],"29":[2],"30":[17],"31":[1],"32":[1],"33":[0],"34":[12],"35":[2],"36":[0],"37":[0],"38":[0],"39":[0],"40":[0],"41":[0],"42":[0]},"fnMap":{"0":{"name":"stripPhotos","decl":{"start":{"line":6,"column":7},"end":{"line":8,"column":1}},"loc":{"start":{"line":6,"column":7},"end":{"line":8,"column":1}},"line":6},"1":{"name":"dropEmpty","decl":{"start":{"line":11,"column":7},"end":{"line":21,"column":1}},"loc":{"start":{"line":11,"column":7},"end":{"line":21,"column":1}},"line":11},"2":{"name":"trimStr","decl":{"start":{"line":23,"column":0},"end":{"line":25,"column":1}},"loc":{"start":{"line":23,"column":0},"end":{"line":25,"column":1}},"line":23},"3":{"name":"trimWhitespace","decl":{"start":{"line":28,"column":7},"end":{"line":40,"column":1}},"loc":{"start":{"line":28,"column":7},"end":{"line":40,"column":1}},"line":28},"4":{"name":"normalizePhoneFormatting","decl":{"start":{"line":46,"column":7},"end":{"line":58,"column":1}},"loc":{"start":{"line":46,"column":7},"end":{"line":58,"column":1}},"line":46},"5":{"name":"fmt","decl":{"start":{"line":47,"column":14},"end":{"line":53,"column":3}},"loc":{"start":{"line":47,"column":14},"end":{"line":53,"column":3}},"line":47},"6":{"name":"repairMojibake","decl":{"start":{"line":65,"column":7},"end":{"line":104,"column":1}},"loc":{"start":{"line":65,"column":7},"end":{"line":104,"column":1}},"line":65},"7":{"name":"looksMojibake","decl":{"start":{"line":66,"column":24},"end":{"line":66,"column":60}},"loc":{"start":{"line":66,"column":24},"end":{"line":66,"column":60}},"line":66},"8":{"name":"fix","decl":{"start":{"line":67,"column":14},"end":{"line":79,"column":3}},"loc":{"start":{"line":67,"column":14},"end":{"line":79,"column":3}},"line":67}},"f":{"0":2,"1":2,"2":4,"3":1,"4":2,"5":2,"6":2,"7":3,"8":18}}
,"/home/user/vcardlab/src/core/dedupe.ts": {"path":"/home/user/vcardlab/src/core/dedupe.ts","all":false,"statementMap":{"3":{"start":{"line":4,"column":0},"end":{"line":4,"column":8}},"17":{"start":{"line":18,"column":0},"end":{"line":18,"column":96}},"20":{"start":{"line":21,"column":0},"end":{"line":21,"column":53}},"21":{"start":{"line":22,"column":0},"end":{"line":22,"column":42}},"22":{"start":{"line":23,"column":0},"end":{"line":23,"column":24}},"23":{"start":{"line":24,"column":0},"end":{"line":24,"column":56}},"24":{"start":{"line":25,"column":0},"end":{"line":25,"column":1}},"26":{"start":{"line":27,"column":0},"end":{"line":27,"column":44}},"27":{"start":{"line":28,"column":0},"end":{"line":28,"column":65}},"28":{"start":{"line":29,"column":0},"end":{"line":29,"column":1}},"30":{"start":{"line":31,"column":0},"end":{"line":31,"column":60}},"31":{"start":{"line":32,"column":0},"end":{"line":32,"column":27}},"32":{"start":{"line":33,"column":0},"end":{"line":33,"column":21}},"33":{"start":{"line":34,"column":0},"end":{"line":34,"column":31}},"34":{"start":{"line":35,"column":0},"end":{"line":35,"column":44}},"35":{"start":{"line":36,"column":0},"end":{"line":36,"column":32}},"36":{"start":{"line":37,"column":0},"end":{"line":37,"column":5}},"37":{"start":{"line":38,"column":0},"end":{"line":38,"column":3}},"38":{"start":{"line":39,"column":0},"end":{"line":39,"column":21}},"39":{"start":{"line":40,"column":0},"end":{"line":40,"column":31}},"40":{"start":{"line":41,"column":0},"end":{"line":41,"column":39}},"41":{"start":{"line":42,"column":0},"end":{"line":42,"column":32}},"42":{"start":{"line":43,"column":0},"end":{"line":43,"column":5}},"43":{"start":{"line":44,"column":0},"end":{"line":44,"column":3}},"44":{"start":{"line":45,"column":0},"end":{"line":45,"column":20}},"45":{"start":{"line":46,"column":0},"end":{"line":46,"column":30}},"46":{"start":{"line":47,"column":0},"end":{"line":47,"column":51}},"47":{"start":{"line":48,"column":0},"end":{"line":48,"column":3}},"48":{"start":{"line":49,"column":0},"end":{"line":49,"column":13}},"49":{"start":{"line":50,"column":0},"end":{"line":50,"column":1}},"58":{"start":{"line":59,"column":0},"end":{"line":59,"column":91}},"59":{"start":{"line":60,"column":0},"end":{"line":60,"column":42}},"60":{"start":{"line":61,"column":0},"end":{"line":61,"column":39}},"61":{"start":{"line":62,"column":0},"end":{"line":62,"column":16}},"62":{"start":{"line":63,"column":0},"end":{"line":63,"column":62}},"64":{"start":{"line":65,"column":0},"end":{"line":65,"column":15}},"65":{"start":{"line":66,"column":0},"end":{"line":66,"column":38}},"66":{"start":{"line":67,"column":0},"end":{"line":67,"column":35}},"67":{"start":{"line":68,"column":0},"end":{"line":68,"column":27}},"68":{"start":{"line":69,"column":0},"end":{"line":69,"column":16}},"69":{"start":{"line":70,"column":0},"end":{"line":70,"column":5}},"70":{"start":{"line":71,"column":0},"end":{"line":71,"column":15}},"71":{"start":{"line":72,"column":0},"end":{"line":72,"column":3}},"72":{"start":{"line":73,"column":0},"end":{"line":73,"column":43}},"73":{"start":{"line":74,"column":0},"end":{"line":74,"column":22}},"74":{"start":{"line":75,"column":0},"end":{"line":75,"column":22}},"75":{"start":{"line":76,"column":0},"end":{"line":76,"column":37}},"76":{"start":{"line":77,"column":0},"end":{"line":77,"column":3}},"78":{"start":{"line":79,"column":0},"end":{"line":79,"column":50}},"81":{"start":{"line":82,"column":0},"end":{"line":82,"column":44}},"82":{"start":{"line":83,"column":0},"end":{"line":83,"column":29}},"83":{"start":{"line":84,"column":0},"end":{"line":84,"column":39}},"84":{"start":{"line":85,"column":0},"end":{"line":85,"column":35}},"85":{"start":{"line":86,"column":0},"end":{"line":86,"column":52}},"86":{"start":{"line":87,"column":0},"end":{"line":87,"column":29}},"87":{"start":{"line":88,"column":0},"end":{"line":88,"column":5}},"88":{"start":{"line":89,"column":0},"end":{"line":89,"column":3}},"90":{"start":{"line":91,"column":0},"end":{"line":91,"column":54}},"91":{"start":{"line":92,"column":0},"end":{"line":92,"column":44}},"92":{"start":{"line":93,"column":0},"end":{"line":93,"column":29}},"93":{"start":{"line":94,"column":0},"end":{"line":94,"column":27}},"94":{"start":{"line":95,"column":0},"end":{"line":95,"column":38}},"95":{"start":{"line":96,"column":0},"end":{"line":96,"column":18}},"96":{"start":{"line":97,"column":0},"end":{"line":97,"column":25}},"97":{"start":{"line":98,"column":0},"end":{"line":98,"column":3}},"99":{"start":{"line":100,"column":0},"end":{"line":100,"column":37}},"100":{"start":{"line":101,"column":0},"end":{"line":101,"column":38}},"101":{"start":{"line":102,"column":0},"end":{"line":102,"column":26}},"102":{"start":{"line":103,"column":0},"end":{"line":103,"column":68}},"103":{"start":{"line":104,"column":0},"end":{"line":104,"column":5}},"104":{"start":{"line":105,"column":0},"end":{"line":105,"column":3}},"106":{"start":{"line":107,"column":0},"end":{"line":107,"column":52}},"107":{"start":{"line":108,"column":0},"end":{"line":108,"column":15}},"108":{"start":{"line":109,"column":0},"end":{"line":109,"column":1}},"110":{"start":{"line":111,"column":0},"end":{"line":111,"column":69}},"111":{"start":{"line":112,"column":0},"end":{"line":112,"column":34}},"112":{"start":{"line":113,"column":0},"end":{"line":113,"column":25}},"113":{"start":{"line":114,"column":0},"end":{"line":114,"column":102}},"114":{"start":{"line":115,"column":0},"end":{"line":115,"column":19}},"116":{"start":{"line":117,"column":0},"end":{"line":117,"column":89}},"117":{"start":{"line":118,"column":0},"end":{"line":118,"column":12}},"118":{"start":{"line":119,"column":0},"end":{"line":119,"column":61}},"119":{"start":{"line":120,"column":0},"end":{"line":120,"column":5}},"120":{"start":{"line":121,"column":0},"end":{"line":121,"column":3}},"121":{"start":{"line":122,"column":0},"end":{"line":122,"column":12}},"122":{"start":{"line":123,"column":0},"end":{"line":123,"column":1}},"124":{"start":{"line":125,"column":0},"end":{"line":125,"column":55}},"125":{"start":{"line":126,"column":0},"end":{"line":126,"column":10}},"126":{"start":{"line":127,"column":0},"end":{"line":127,"column":28}},"127":{"start":{"line":128,"column":0},"end":{"line":128,"column":32}},"128":{"start":{"line":129,"column":0},"end":{"line":129,"column":28}},"129":{"start":{"line":130,"column":0},"end":{"line":130,"column":27}},"131":{"start":{"line":132,"column":0},"end":{"line":132,"column":1}},"134":{"start":{"line":135,"column":0},"end":{"line":135,"column":58}},"135":{"start":{"line":136,"column":0},"end":{"line":136,"column":71}},"136":{"start":{"line":137,"column":0},"end":{"line":137,"column":23}},"137":{"start":{"line":138,"column":0},"end":{"line":138,"column":27}},"138":{"start":{"line":139,"column":0},"end":{"line":139,"column":16}},"139":{"start":{"line":140,"column":0},"end":{"line":140,"column":16}},"140":{"start":{"line":141,"column":0},"end":{"line":141,"column":44}},"141":{"start":{"line":142,"column":0},"end":{"line":142,"column":28}},"142":{"start":{"line":143,"column":0},"end":{"line":143,"column":46}},"143":{"start":{"line":144,"column":0},"end":{"line":144,"column":22}},"144":{"start":{"line":145,"column":0},"end":{"line":145,"column":73}},"145":{"start":{"line":146,"column":0},"end":{"line":146,"column":73}},"146":{"start":{"line":147,"column":0},"end":{"line":147,"column":58}},"147":{"start":{"line":148,"column":0},"end":{"line":148,"column":69}},"148":{"start":{"line":149,"column":0},"end":{"line":149,"column":28}},"149":{"start":{"line":150,"column":0},"end":{"line":150,"column":20}},"150":{"start":{"line":151,"column":0},"end":{"line":151,"column":30}},"151":{"start":{"line":152,"column":0},"end":{"line":152,"column":37}},"152":{"start":{"line":153,"column":0},"end":{"line":153,"column":27}},"153":{"start":{"line":154,"column":0},"end":{"line":154,"column":38}},"154":{"start":{"line":155,"column":0},"end":{"line":155,"column":3}},"156":{"start":{"line":157,"column":0},"end":{"line":157,"column":42}},"157":{"start":{"line":158,"column":0},"end":{"line":158,"column":22}},"158":{"start":{"line":159,"column":0},"end":{"line":159,"column":44}},"160":{"start":{"line":161,"column":0},"end":{"line":161,"column":14}},"161":{"start":{"line":162,"column":0},"end":{"line":162,"column":95}},"162":{"start":{"line":163,"column":0},"end":{"line":163,"column":74}},"163":{"start":{"line":164,"column":0},"end":{"line":164,"column":5}},"164":{"start":{"line":165,"column":0},"end":{"line":165,"column":68}},"165":{"start":{"line":166,"column":0},"end":{"line":166,"column":93}},"166":{"start":{"line":167,"column":0},"end":{"line":167,"column":56}},"167":{"start":{"line":168,"column":0},"end":{"line":168,"column":55}},"168":{"start":{"line":169,"column":0},"end":{"line":169,"column":55}},"169":{"start":{"line":170,"column":0},"end":{"line":170,"column":49}},"170":{"start":{"line":171,"column":0},"end":{"line":171,"column":34}},"171":{"start":{"line":172,"column":0},"end":{"line":172,"column":91}},"172":{"start":{"line":173,"column":0},"end":{"line":173,"column":5}},"173":{"start":{"line":174,"column":0},"end":{"line":174,"column":68}},"174":{"start":{"line":175,"column":0},"end":{"line":175,"column":118}},"175":{"start":{"line":176,"column":0},"end":{"line":176,"column":56}},"176":{"start":{"line":177,"column":0},"end":{"line":177,"column":101}},"177":{"start":{"line":178,"column":0},"end":{"line":178,"column":33}},"178":{"start":{"line":179,"column":0},"end":{"line":179,"column":3}},"179":{"start":{"line":180,"column":0},"end":{"line":180,"column":15}},"180":{"start":{"line":181,"column":0},"end":{"line":181,"column":1}},"186":{"start":{"line":187,"column":0},"end":{"line":187,"column":88}},"187":{"start":{"line":188,"column":0},"end":{"line":188,"column":47}},"188":{"start":{"line":189,"column":0},"end":{"line":189,"column":42}},"189":{"start":{"line":190,"column":0},"end":{"line":190,"column":35}},"190":{"start":{"line":191,"column":0},"end":{"line":191,"column":48}},"191":{"start":{"line":192,"column":0},"end":{"line":192,"column":27}},"192":{"start":{"line":193,"column":0},"end":{"line":193,"column":44}},"193":{"start":{"line":194,"column":0},"end":{"line":194,"column":45}},"194":{"start":{"line":195,"column":0},"end":{"line":195,"column":77}},"195":{"start":{"line":196,"column":0},"end":{"line":196,"column":3}},"196":{"start":{"line":197,"column":0},"end":{"line":197,"column":27}},"197":{"start":{"line":198,"column":0},"end":{"line":198,"column":29}},"198":{"start":{"line":199,"column":0},"end":{"line":199,"column":35}},"199":{"start":{"line":200,"column":0},"end":{"line":200,"column":40}},"200":{"start":{"line":201,"column":0},"end":{"line":201,"column":3}},"201":{"start":{"line":202,"column":0},"end":{"line":202,"column":12}},"202":{"start":{"line":203,"column":0},"end":{"line":203,"column":1}}},"s":{"3":1,"17":1,"20":1,"21":7,"22":7,"23":7,"24":7,"26":2,"27":2,"28":2,"30":18,"31":18,"32":18,"33":12,"34":11,"35":11,"36":11,"37":12,"38":18,"39":14,"40":4,"41":4,"42":4,"43":14,"44":18,"45":2,"46":2,"47":2,"48":18,"49":18,"58":1,"59":8,"60":8,"61":30,"62":30,"64":30,"65":30,"66":1,"67":1,"68":1,"69":1,"70":30,"71":30,"72":8,"73":6,"74":6,"75":6,"76":6,"78":8,"81":8,"82":8,"83":18,"84":17,"85":17,"86":6,"87":17,"88":18,"90":8,"91":8,"92":8,"93":18,"94":18,"95":18,"96":18,"97":18,"99":8,"100":8,"101":12,"102":5,"103":5,"104":12,"106":8,"107":8,"108":8,"110":9,"111":9,"112":9,"113":4,"114":4,"116":3,"117":4,"118":1,"119":1,"120":4,"121":9,"122":9,"124":0,"125":0,"126":0,"127":0,"128":0,"129":0,"131":0,"134":1,"135":4,"136":3,"137":3,"138":3,"139":3,"140":4,"141":4,"142":4,"143":4,"144":4,"145":4,"146":4,"147":4,"148":4,"149":4,"150":4,"151":4,"152":4,"153":4,"154":4,"156":4,"157":3,"158":3,"160":3,"161":3,"162":3,"163":3,"164":3,"165":3,"166":3,"167":3,"168":3,"169":3,"170":3,"171":0,"172":0,"173":3,"174":3,"175":3,"176":3,"177":3,"178":3,"179":3,"180":3,"186":1,"187":2,"188":2,"189":1,"190":1,"191":1,"192":1,"193":1,"194":1,"195":1,"196":1,"197":2,"198":3,"199":3,"200":3,"201":1,"202":1},"branchMap":{"0":{"type":"branch","line":21,"loc":{"start":{"line":21,"column":7},"end":{"line":25,"column":1}},"locations":[{"start":{"line":21,"column":7},"end":{"line":25,"column":1}}]},"1":{"type":"branch","line":23,"loc":{"start":{"line":23,"column":15},"end":{"line":23,"column":24}},"locations":[{"start":{"line":23,"column":15},"end":{"line":23,"column":24}}]},"2":{"type":"branch","line":23,"loc":{"start":{"line":23,"column":22},"end":{"line":24,"column":30}},"locations":[{"start":{"line":23,"column":22},"end":{"line":24,"column":30}}]},"3":{"type":"branch","line":24,"loc":{"start":{"line":24,"column":25},"end":{"line":24,"column":50}},"locations":[{"start":{"line":24,"column":25},"end":{"line":24,"column":50}}]},"4":{"type":"branch","line":24,"loc":{"start":{"line":24,"column":46},"end":{"line":24,"column":56}},"locations":[{"start":{"line":24,"column":46},"end":{"line":24,"column":56}}]},"5":{"type":"branch","line":27,"loc":{"start":{"line":27,"column":0},"end":{"line":29,"column":1}},"locations":[{"start":{"line":27,"column":0},"end":{"line":29,"column":1}}]},"6":{"type":"branch","line":31,"loc":{"start":{"line":31,"column":0},"end":{"line":50,"column":1}},"locations":[{"start":{"line":31,"column":0},"end":{"line":50,"column":1}}]},"7":{"type":"branch","line":33,"loc":{"start":{"line":33,"column":20},"end":{"line":38,"column":3}},"locations":[{"start":{"line":33,"column":20},"end":{"line":38,"column":3}}]},"8":{"type":"branch","line":34,"loc":{"start":{"line":34,"column":30},"end":{"line":37,"column":5}},"locations":[{"start":{"line":34,"column":30},"end":{"line":37,"column":5}}]},"9":{"type":"branch","line":39,"loc":{"start":{"line":39,"column":20},"end":{"line":44,"column":3}},"locations":[{"start":{"line":39,"column":20},"end":{"line":44,"column":3}}]},"10":{"type":"branch","line":40,"loc":{"start":{"line":40,"column":30},"end":{"line":43,"column":5}},"locations":[{"start":{"line":40,"column":30},"end":{"line":43,"column":5}}]},"11":{"type":"branch","line":45,"loc":{"start":{"line":45,"column":19},"end":{"line":48,"column":3}},"locations":[{"start":{"line":45,"column":19},"end":{"line":48,"column":3}}]},"12":{"type":"branch","line":59,"loc":{"start":{"line":59,"column":7},"end":{"line":109,"column":1}},"locations":[{"start":{"line":59,"column":7},"end":{"line":109,"column":1}}]},"13":{"type":"branch","line":79,"loc":{"start":{"line":79,"column":28},"end":{"line":79,"column":50}},"locations":[{"start":{"line":79,"column":28},"end":{"line":79,"column":50}}]},"14":{"type":"branch","line":83,"loc":{"start":{"line":83,"column":28},"end":{"line":89,"column":3}},"locations":[{"start":{"line":83,"column":28},"end":{"line":89,"column":3}}]},"15":{"type":"branch","line":84,"loc":{"start":{"line":84,"column":38},"end":{"line":88,"column":5}},"locations":[{"start":{"line":84,"column":38},"end":{"line":88,"column":5}}]},"16":{"type":"branch","line":86,"loc":{"start":{"line":86,"column":31},"end":{"line":86,"column":52}},"locations":[{"start":{"line":86,"column":31},"end":{"line":86,"column":52}}]},"17":{"type":"branch","line":86,"loc":{"start":{"line":86,"column":51},"end":{"line":87,"column":29}},"locations":[{"start":{"line":86,"column":51},"end":{"line":87,"column":29}}]},"18":{"type":"branch","line":93,"loc":{"start":{"line":93,"column":28},"end":{"line":98,"column":3}},"locations":[{"start":{"line":93,"column":28},"end":{"line":98,"column":3}}]},"19":{"type":"branch","line":95,"loc":{"start":{"line":95,"column":31},"end":{"line":95,"column":38}},"locations":[{"start":{"line":95,"column":31},"end":{"line":95,"column":38}}]},"20":{"type":"branch","line":101,"loc":{"start":{"line":101,"column":37},"end":{"line":105,"column":3}},"locations":[{"start":{"line":101,"column":37},"end":{"line":105,"column":3}}]},"21":{"type":"branch","line":102,"loc":{"start":{"line":102,"column":25},"end":{"line":104,"column":5}},"locations":[{"start":{"line":102,"column":25},"end":{"line":104,"column":5}}]},"22":{"type":"branch","line":61,"loc":{"start":{"line":61,"column":15},"end":{"line":72,"column":3}},"locations":[{"start":{"line":61,"column":15},"end":{"line":72,"column":3}}]},"23":{"type":"branch","line":63,"loc":{"start":{"line":63,"column":38},"end":{"line":63,"column":62}},"locations":[{"start":{"line":63,"column":38},"end":{"line":63,"column":62}}]},"24":{"type":"branch","line":66,"loc":{"start":{"line":66,"column":37},"end":{"line":70,"column":5}},"locations":[{"start":{"line":66,"column":37},"end":{"line":70,"column":5}}]},"25":{"type":"branch","line":73,"loc":{"start":{"line":73,"column":16},"end":{"line":77,"column":3}},"locations":[{"start":{"line":73,"column":16},"end":{"line":77,"column":3}}]},"26":{"type":"branch","line":91,"loc":{"start":{"line":91,"column":36},"end":{"line":91,"column":52}},"locations":[{"start":{"line":91,"column":36},"end":{"line":91,"column":52}}]},"27":{"type":"branch","line":103,"loc":{"start":{"line":103,"column":43},"end":{"line":103,"column":64}},"locations":[{"start":{"line":103,"column":43},"end":{"line":103,"column":64}}]},"28":{"type":"branch","line":111,"loc":{"start":{"line":111,"column":0},"end":{"line":123,"column":1}},"locations":[{"start":{"line":111,"column":0},"end":{"line":123,"column":1}}]},"29":{"type":"branch","line":113,"loc":{"start":{"line":113,"column":24},"end":{"line":121,"column":3}},"locations":[{"start":{"line":113,"column":24},"end":{"line":121,"column":3}}]},"30":{"type":"branch","line":115,"loc":{"start":{"line":115,"column":18},"end":{"line":118,"column":11}},"locations":[{"start":{"line":115,"column":18},"end":{"line":118,"column":11}}]},"31":{"type":"branch","line":117,"loc":{"start":{"line":117,"column":34},"end":{"line":117,"column":89}},"locations":[{"start":{"line":117,"column":34},"end":{"line":117,"column":89}}]},"32":{"type":"branch","line":118,"loc":{"start":{"line":118,"column":4},"end":{"line":120,"column":5}},"locations":[{"start":{"line":118,"column":4},"end":{"line":120,"column":5}}]},"33":{"type":"branch","line":114,"loc":{"start":{"line":114,"column":30},"end":{"line":114,"column":101}},"locations":[{"start":{"line":114,"column":30},"end":{"line":114,"column":101}}]},"34":{"type":"branch","line":135,"loc":{"start":{"line":135,"column":7},"end":{"line":181,"column":1}},"locations":[{"start":{"line":135,"column":7},"end":{"line":181,"column":1}}]},"35":{"type":"branch","line":136,"loc":{"start":{"line":136,"column":26},"end":{"line":136,"column":71}},"locations":[{"start":{"line":136,"column":26},"end":{"line":136,"column":71}}]},"36":{"type":"branch","line":136,"loc":{"start":{"line":136,"column":70},"end":{"line":141,"column":32}},"locations":[{"start":{"line":136,"column":70},"end":{"line":141,"column":32}}]},"37":{"type":"branch","line":141,"loc":{"start":{"line":141,"column":28},"end":{"line":141,"column":44}},"locations":[{"start":{"line":141,"column":28},"end":{"line":141,"column":44}}]},"38":{"type":"branch","line":143,"loc":{"start":{"line":143,"column":14},"end":{"line":143,"column":36}},"locations":[{"start":{"line":143,"column":14},"end":{"line":143,"column":36}}]},"39":{"type":"branch","line":143,"loc":{"start":{"line":143,"column":32},"end":{"line":143,"column":46}},"locations":[{"start":{"line":143,"column":32},"end":{"line":143,"column":46}}]},"40":{"type":"branch","line":151,"loc":{"start":{"line":151,"column":16},"end":{"line":151,"column":30}},"locations":[{"start":{"line":151,"column":16},"end":{"line":151,"column":30}}]},"41":{"type":"branch","line":157,"loc":{"start":{"line":157,"column":41},"end":{"line":181,"column":1}},"locations":[{"start":{"line":157,"column":41},"end":{"line":181,"column":1}}]},"42":{"type":"branch","line":159,"loc":{"start":{"line":159,"column":16},"end":{"line":159,"column":28}},"locations":[{"start":{"line":159,"column":16},"end":{"line":159,"column":28}}]},"43":{"type":"branch","line":159,"loc":{"start":{"line":159,"column":28},"end":{"line":159,"column":44}},"locations":[{"start":{"line":159,"column":28},"end":{"line":159,"column":44}}]},"44":{"type":"branch","line":163,"loc":{"start":{"line":163,"column":53},"end":{"line":163,"column":74}},"locations":[{"start":{"line":163,"column":53},"end":{"line":163,"column":74}}]},"45":{"type":"branch","line":165,"loc":{"start":{"line":165,"column":40},"end":{"line":165,"column":68}},"locations":[{"start":{"line":165,"column":40},"end":{"line":165,"column":68}}]},"46":{"type":"branch","line":166,"loc":{"start":{"line":166,"column":17},"end":{"line":166,"column":47}},"locations":[{"start":{"line":166,"column":17},"end":{"line":166,"column":47}}]},"47":{"type":"branch","line":166,"loc":{"start":{"line":166,"column":49},"end":{"line":166,"column":70}},"locations":[{"start":{"line":166,"column":49},"end":{"line":166,"column":70}}]},"48":{"type":"branch","line":166,"loc":{"start":{"line":166,"column":70},"end":{"line":166,"column":93}},"locations":[{"start":{"line":166,"column":70},"end":{"line":166,"column":93}}]},"49":{"type":"branch","line":167,"loc":{"start":{"line":167,"column":34},"end":{"line":167,"column":56}},"locations":[{"start":{"line":167,"column":34},"end":{"line":167,"column":56}}]},"50":{"type":"branch","line":171,"loc":{"start":{"line":171,"column":33},"end":{"line":173,"column":5}},"locations":[{"start":{"line":171,"column":33},"end":{"line":173,"column":5}}]},"51":{"type":"branch","line":174,"loc":{"start":{"line":174,"column":40},"end":{"line":174,"column":68}},"locations":[{"start":{"line":174,"column":40},"end":{"line":174,"column":68}}]},"52":{"type":"branch","line":175,"loc":{"start":{"line":175,"column":16},"end":{"line":175,"column":118}},"locations":[{"start":{"line":175,"column":16},"end":{"line":175,"column":118}}]},"53":{"type":"branch","line":176,"loc":{"start":{"line":176,"column":34},"end":{"line":176,"column":56}},"locations":[{"start":{"line":176,"column":34},"end":{"line":176,"column":56}}]},"54":{"type":"branch","line":177,"loc":{"start":{"line":177,"column":36},"end":{"line":177,"column":101}},"locations":[{"start":{"line":177,"column":36},"end":{"line":177,"column":101}}]},"55":{"type":"branch","line":145,"loc":{"start":{"line":145,"column":32},"end":{"line":145,"column":70}},"locations":[{"start":{"line":145,"column":32},"end":{"line":145,"column":70}}]},"56":{"type":"branch","line":146,"loc":{"start":{"line":146,"column":32},"end":{"line":146,"column":70}},"locations":[{"start":{"line":146,"column":32},"end":{"line":146,"column":70}}]},"57":{"type":"branch","line":162,"loc":{"start":{"line":162,"column":20},"end":{"line":162,"column":95}},"locations":[{"start":{"line":162,"column":20},"end":{"line":162,"column":95}}]},"58":{"type":"branch","line":187,"loc":{"start":{"line":187,"column":7},"end":{"line":203,"column":1}},"locations":[{"start":{"line":187,"column":7},"end":{"line":203,"column":1}}]},"59":{"type":"branch","line":189,"loc":{"start":{"line":189,"column":27},"end":{"line":198,"column":28}},"locations":[{"start":{"line":189,"column":27},"end":{"line":198,"column":28}}]},"60":{"type":"branch","line":198,"loc":{"start":{"line":198,"column":28},"end":{"line":201,"column":3}},"locations":[{"start":{"line":198,"column":28},"end":{"line":201,"column":3}}]},"61":{"type":"branch","line":199,"loc":{"start":{"line":199,"column":27},"end":{"line":199,"column":35}},"locations":[{"start":{"line":199,"column":27},"end":{"line":199,"column":35}}]},"62":{"type":"branch","line":199,"loc":{"start":{"line":199,"column":27},"end":{"line":200,"column":38}},"locations":[{"start":{"line":199,"column":27},"end":{"line":200,"column":38}}]},"63":{"type":"branch","line":200,"loc":{"start":{"line":200,"column":33},"end":{"line":200,"column":39}},"locations":[{"start":{"line":200,"column":33},"end":{"line":200,"column":39}}]},"64":{"type":"branch","line":201,"loc":{"start":{"line":201,"column":2},"end":{"line":203,"column":1}},"locations":[{"start":{"line":201,"column":2},"end":{"line":203,"column":1}}]}},"b":{"0":[7],"1":[1],"2":[6],"3":[2],"4":[4],"5":[2],"6":[18],"7":[12],"8":[11],"9":[14],"10":[4],"11":[2],"12":[8],"13":[18],"14":[18],"15":[17],"16":[11],"17":[6],"18":[18],"19":[12],"20":[12],"21":[5],"22":[30],"23":[7],"24":[1],"25":[6],"26":[18],"27":[11],"28":[9],"29":[4],"30":[3],"31":[1],"32":[1],"33":[4],"34":[4],"35":[1],"36":[3],"37":[0],"38":[0],"39":[3],"40":[3],"41":[3],"42":[0],"43":[0],"44":[1],"45":[0],"46":[0],"47":[0],"48":[0],"49":[0],"50":[0],"51":[0],"52":[0],"53":[0],"54":[0],"55":[2],"56":[1],"57":[6],"58":[2],"59":[1],"60":[3],"61":[1],"62":[2],"63":[1],"64":[1]},"fnMap":{"0":{"name":"normalizePhone","decl":{"start":{"line":21,"column":7},"end":{"line":25,"column":1}},"loc":{"start":{"line":21,"column":7},"end":{"line":25,"column":1}},"line":21},"1":{"name":"normalizeName","decl":{"start":{"line":27,"column":0},"end":{"line":29,"column":1}},"loc":{"start":{"line":27,"column":0},"end":{"line":29,"column":1}},"line":27},"2":{"name":"keysFor","decl":{"start":{"line":31,"column":0},"end":{"line":50,"column":1}},"loc":{"start":{"line":31,"column":0},"end":{"line":50,"column":1}},"line":31},"3":{"name":"findDuplicates","decl":{"start":{"line":59,"column":7},"end":{"line":109,"column":1}},"loc":{"start":{"line":59,"column":7},"end":{"line":109,"column":1}},"line":59},"4":{"name":"find","decl":{"start":{"line":61,"column":15},"end":{"line":72,"column":3}},"loc":{"start":{"line":61,"column":15},"end":{"line":72,"column":3}},"line":61},"5":{"name":"union","decl":{"start":{"line":73,"column":16},"end":{"line":77,"column":3}},"loc":{"start":{"line":73,"column":16},"end":{"line":77,"column":3}},"line":73},"6":{"name":"mergeTyped","decl":{"start":{"line":111,"column":0},"end":{"line":123,"column":1}},"loc":{"start":{"line":111,"column":0},"end":{"line":123,"column":1}},"line":111},"7":{"name":"sameAddress","decl":{"start":{"line":125,"column":0},"end":{"line":132,"column":1}},"loc":{"start":{"line":125,"column":0},"end":{"line":132,"column":1}},"line":125},"8":{"name":"mergeContacts","decl":{"start":{"line":135,"column":7},"end":{"line":181,"column":1}},"loc":{"start":{"line":135,"column":7},"end":{"line":181,"column":1}},"line":135},"9":{"name":"score","decl":{"start":{"line":162,"column":20},"end":{"line":162,"column":95}},"loc":{"start":{"line":162,"column":20},"end":{"line":162,"column":95}},"line":162},"10":{"name":"mergeAllDuplicates","decl":{"start":{"line":187,"column":7},"end":{"line":203,"column":1}},"loc":{"start":{"line":187,"column":7},"end":{"line":203,"column":1}},"line":187}},"f":{"0":7,"1":2,"2":18,"3":8,"4":30,"5":6,"6":9,"7":0,"8":4,"9":6,"10":2}}
,"/home/user/vcardlab/src/core/index.ts": {"path":"/home/user/vcardlab/src/core/index.ts","all":true,"statementMap":{"2":{"start":{"line":3,"column":0},"end":{"line":3,"column":23}},"3":{"start":{"line":4,"column":0},"end":{"line":4,"column":23}},"4":{"start":{"line":5,"column":0},"end":{"line":5,"column":27}},"5":{"start":{"line":6,"column":0},"end":{"line":6,"column":24}},"6":{"start":{"line":7,"column":0},"end":{"line":7,"column":23}},"7":{"start":{"line":8,"column":0},"end":{"line":8,"column":23}},"8":{"start":{"line":9,"column":0},"end":{"line":9,"column":21}},"9":{"start":{"line":10,"column":0},"end":{"line":10,"column":33}}},"s":{"2":0,"3":0,"4":0,"5":0,"6":0,"7":0,"8":0,"9":0},"branchMap":{"0":{"type":"branch","line":1,"loc":{"start":{"line":1,"column":47},"end":{"line":10,"column":-96}},"locations":[{"start":{"line":1,"column":47},"end":{"line":10,"column":-96}}]}},"b":{"0":[1]},"fnMap":{"0":{"name":"(empty-report)","decl":{"start":{"line":1,"column":47},"end":{"line":10,"column":-96}},"loc":{"start":{"line":1,"column":47},"end":{"line":10,"column":-96}},"line":1}},"f":{"0":1}}
,"/home/user/vcardlab/src/core/model.ts": {"path":"/home/user/vcardlab/src/core/model.ts","all":false,"statementMap":{"84":{"start":{"line":85,"column":0},"end":{"line":85,"column":45}},"85":{"start":{"line":86,"column":0},"end":{"line":86,"column":74}},"86":{"start":{"line":87,"column":0},"end":{"line":87,"column":1}},"89":{"start":{"line":90,"column":0},"end":{"line":90,"column":49}},"90":{"start":{"line":91,"column":0},"end":{"line":91,"column":45}},"91":{"start":{"line":92,"column":0},"end":{"line":92,"column":12}},"92":{"start":{"line":93,"column":0},"end":{"line":93,"column":81}},"93":{"start":{"line":94,"column":0},"end":{"line":94,"column":27}},"94":{"start":{"line":95,"column":0},"end":{"line":95,"column":22}},"95":{"start":{"line":96,"column":0},"end":{"line":96,"column":44}},"96":{"start":{"line":97,"column":0},"end":{"line":97,"column":3}},"97":{"start":{"line":98,"column":0},"end":{"line":98,"column":56}},"98":{"start":{"line":99,"column":0},"end":{"line":99,"column":47}},"99":{"start":{"line":100,"column":0},"end":{"line":100,"column":47}},"100":{"start":{"line":101,"column":0},"end":{"line":101,"column":20}},"101":{"start":{"line":102,"column":0},"end":{"line":102,"column":1}}},"s":{"84":1,"85":41,"86":41,"89":1,"90":15,"91":2,"92":2,"93":2,"94":2,"95":2,"96":2,"97":15,"98":3,"99":1,"100":0,"101":0},"branchMap":{"0":{"type":"branch","line":85,"loc":{"start":{"line":85,"column":7},"end":{"line":87,"column":1}},"locations":[{"start":{"line":85,"column":7},"end":{"line":87,"column":1}}]},"1":{"type":"branch","line":90,"loc":{"start":{"line":90,"column":7},"end":{"line":102,"column":1}},"locations":[{"start":{"line":90,"column":7},"end":{"line":102,"column":1}}]},"2":{"type":"branch","line":91,"loc":{"start":{"line":91,"column":8},"end":{"line":91,"column":27}},"locations":[{"start":{"line":91,"column":8},"end":{"line":91,"column":27}}]},"3":{"type":"branch","line":91,"loc":{"start":{"line":91,"column":27},"end":{"line":97,"column":3}},"locations":[{"start":{"line":91,"column":27},"end":{"line":97,"column":3}}]},"4":{"type":"branch","line":91,"loc":{"start":{"line":91,"column":27},"end":{"line":91,"column":45}},"locations":[{"start":{"line":91,"column":27},"end":{"line":91,"column":45}}]},"5":{"type":"branch","line":91,"loc":{"start":{"line":91,"column":44},"end":{"line":97,"column":3}},"locations":[{"start":{"line":91,"column":44},"end":{"line":97,"column":3}}]},"6":{"type":"branch","line":96,"loc":{"start":{"line":96,"column":22},"end":{"line":96,"column":44}},"locations":[{"start":{"line":96,"column":22},"end":{"line":96,"column":44}}]},"7":{"type":"branch","line":97,"loc":{"start":{"line":97,"column":2},"end":{"line":98,"column":31}},"locations":[{"start":{"line":97,"column":2},"end":{"line":98,"column":31}}]},"8":{"type":"branch","line":97,"loc":{"start":{"line":97,"column":2},"end":{"line":98,"column":15}},"locations":[{"start":{"line":97,"column":2},"end":{"line":98,"column":15}}]},"9":{"type":"branch","line":98,"loc":{"start":{"line":98,"column":8},"end":{"line":98,"column":31}},"locations":[{"start":{"line":98,"column":8},"end":{"line":98,"column":31}}]},"10":{"type":"branch","line":98,"loc":{"start":{"line":98,"column":21},"end":{"line":98,"column":41}},"locations":[{"start":{"line":98,"column":21},"end":{"line":98,"column":41}}]},"11":{"type":"branch","line":98,"loc":{"start":{"line":98,"column":41},"end":{"line":102,"column":1}},"locations":[{"start":{"line":98,"column":41},"end":{"line":102,"column":1}}]},"12":{"type":"branch","line":98,"loc":{"start":{"line":98,"column":41},"end":{"line":98,"column":56}},"locations":[{"start":{"line":98,"column":41},"end":{"line":98,"column":56}}]},"13":{"type":"branch","line":98,"loc":{"start":{"line":98,"column":55},"end":{"line":99,"column":30}},"locations":[{"start":{"line":98,"column":55},"end":{"line":99,"column":30}}]},"14":{"type":"branch","line":99,"loc":{"start":{"line":99,"column":23},"end":{"line":99,"column":47}},"locations":[{"start":{"line":99,"column":23},"end":{"line":99,"column":47}}]},"15":{"type":"branch","line":99,"loc":{"start":{"line":99,"column":42},"end":{"line":102,"column":1}},"locations":[{"start":{"line":99,"column":42},"end":{"line":102,"column":1}}]},"16":{"type":"branch","line":99,"loc":{"start":{"line":99,"column":42},"end":{"line":100,"column":47}},"locations":[{"start":{"line":99,"column":42},"end":{"line":100,"column":47}}]},"17":{"type":"branch","line":100,"loc":{"start":{"line":100,"column":42},"end":{"line":102,"column":1}},"locations":[{"start":{"line":100,"column":42},"end":{"line":102,"column":1}}]},"18":{"type":"branch","line":94,"loc":{"start":{"line":94,"column":11},"end":{"line":94,"column":26}},"locations":[{"start":{"line":94,"column":11},"end":{"line":94,"column":26}}]}},"b":{"0":[41],"1":[15],"2":[13],"3":[14],"4":[13],"5":[2],"6":[0],"7":[3],"8":[2],"9":[0],"10":[0],"11":[3],"12":[0],"13":[2],"14":[1],"15":[2],"16":[1],"17":[0],"18":[10]},"fnMap":{"0":{"name":"emptyName","decl":{"start":{"line":85,"column":7},"end":{"line":87,"column":1}},"loc":{"start":{"line":85,"column":7},"end":{"line":87,"column":1}},"line":85},"1":{"name":"displayName","decl":{"start":{"line":90,"column":7},"end":{"line":102,"column":1}},"loc":{"start":{"line":90,"column":7},"end":{"line":102,"column":1}},"line":90}},"f":{"0":41,"1":15}}
,"/home/user/vcardlab/src/core/parse.ts": {"path":"/home/user/vcardlab/src/core/parse.ts","all":false,"statementMap":{"3":{"start":{"line":4,"column":0},"end":{"line":4,"column":8}},"13":{"start":{"line":14,"column":0},"end":{"line":14,"column":57}},"15":{"start":{"line":16,"column":0},"end":{"line":16,"column":17}},"16":{"start":{"line":17,"column":0},"end":{"line":17,"column":27}},"17":{"start":{"line":18,"column":0},"end":{"line":18,"column":16}},"18":{"start":{"line":19,"column":0},"end":{"line":19,"column":51}},"19":{"start":{"line":20,"column":0},"end":{"line":20,"column":1}},"22":{"start":{"line":23,"column":0},"end":{"line":23,"column":61}},"23":{"start":{"line":24,"column":0},"end":{"line":24,"column":26}},"24":{"start":{"line":25,"column":0},"end":{"line":25,"column":14}},"25":{"start":{"line":26,"column":0},"end":{"line":26,"column":42}},"26":{"start":{"line":27,"column":0},"end":{"line":27,"column":23}},"27":{"start":{"line":28,"column":0},"end":{"line":28,"column":46}},"28":{"start":{"line":29,"column":0},"end":{"line":29,"column":30}},"29":{"start":{"line":30,"column":0},"end":{"line":30,"column":9}},"30":{"start":{"line":31,"column":0},"end":{"line":31,"column":14}},"31":{"start":{"line":32,"column":0},"end":{"line":32,"column":5}},"32":{"start":{"line":33,"column":0},"end":{"line":33,"column":21}},"33":{"start":{"line":34,"column":0},"end":{"line":34,"column":19}},"34":{"start":{"line":35,"column":0},"end":{"line":35,"column":14}},"35":{"start":{"line":36,"column":0},"end":{"line":36,"column":12}},"36":{"start":{"line":37,"column":0},"end":{"line":37,"column":15}},"37":{"start":{"line":38,"column":0},"end":{"line":38,"column":5}},"38":{"start":{"line":39,"column":0},"end":{"line":39,"column":3}},"39":{"start":{"line":40,"column":0},"end":{"line":40,"column":15}},"40":{"start":{"line":41,"column":0},"end":{"line":41,"column":12}},"41":{"start":{"line":42,"column":0},"end":{"line":42,"column":1}},"44":{"start":{"line":45,"column":0},"end":{"line":45,"column":42}},"45":{"start":{"line":46,"column":0},"end":{"line":46,"column":14}},"46":{"start":{"line":47,"column":0},"end":{"line":47,"column":42}},"47":{"start":{"line":48,"column":0},"end":{"line":48,"column":23}},"48":{"start":{"line":49,"column":0},"end":{"line":49,"column":46}},"49":{"start":{"line":50,"column":0},"end":{"line":50,"column":28}},"50":{"start":{"line":51,"column":0},"end":{"line":51,"column":45}},"51":{"start":{"line":52,"column":0},"end":{"line":52,"column":36}},"52":{"start":{"line":53,"column":0},"end":{"line":53,"column":36}},"53":{"start":{"line":54,"column":0},"end":{"line":54,"column":38}},"54":{"start":{"line":55,"column":0},"end":{"line":55,"column":19}},"55":{"start":{"line":56,"column":0},"end":{"line":56,"column":9}},"56":{"start":{"line":57,"column":0},"end":{"line":57,"column":12}},"57":{"start":{"line":58,"column":0},"end":{"line":58,"column":15}},"58":{"start":{"line":59,"column":0},"end":{"line":59,"column":5}},"59":{"start":{"line":60,"column":0},"end":{"line":60,"column":3}},"60":{"start":{"line":61,"column":0},"end":{"line":61,"column":12}},"61":{"start":{"line":62,"column":0},"end":{"line":62,"column":1}},"71":{"start":{"line":72,"column":0},"end":{"line":72,"column":51}},"72":{"start":{"line":73,"column":0},"end":{"line":73,"column":21}},"73":{"start":{"line":74,"column":0},"end":{"line":74,"column":41}},"74":{"start":{"line":75,"column":0},"end":{"line":75,"column":22}},"75":{"start":{"line":76,"column":0},"end":{"line":76,"column":38}},"76":{"start":{"line":77,"column":0},"end":{"line":77,"column":45}},"77":{"start":{"line":78,"column":0},"end":{"line":78,"column":3}},"78":{"start":{"line":79,"column":0},"end":{"line":79,"column":11}},"79":{"start":{"line":80,"column":0},"end":{"line":80,"column":1}},"82":{"start":{"line":83,"column":0},"end":{"line":83,"column":48}},"83":{"start":{"line":84,"column":0},"end":{"line":84,"column":26}},"84":{"start":{"line":85,"column":0},"end":{"line":85,"column":14}},"85":{"start":{"line":86,"column":0},"end":{"line":86,"column":21}},"86":{"start":{"line":87,"column":0},"end":{"line":87,"column":43}},"87":{"start":{"line":88,"column":0},"end":{"line":88,"column":24}},"88":{"start":{"line":89,"column":0},"end":{"line":89,"column":21}},"89":{"start":{"line":90,"column":0},"end":{"line":90,"column":24}},"90":{"start":{"line":91,"column":0},"end":{"line":91,"column":15}},"91":{"start":{"line":92,"column":0},"end":{"line":92,"column":40}},"92":{"start":{"line":93,"column":0},"end":{"line":93,"column":19}},"93":{"start":{"line":94,"column":0},"end":{"line":94,"column":14}},"94":{"start":{"line":95,"column":0},"end":{"line":95,"column":12}},"95":{"start":{"line":96,"column":0},"end":{"line":96,"column":15}},"96":{"start":{"line":97,"column":0},"end":{"line":97,"column":5}},"97":{"start":{"line":98,"column":0},"end":{"line":98,"column":3}},"98":{"start":{"line":99,"column":0},"end":{"line":99,"column":15}},"99":{"start":{"line":100,"column":0},"end":{"line":100,"column":12}},"100":{"start":{"line":101,"column":0},"end":{"line":101,"column":1}},"102":{"start":{"line":103,"column":0},"end":{"line":103,"column":53}},"103":{"start":{"line":104,"column":0},"end":{"line":104,"column":40}},"104":{"start":{"line":105,"column":0},"end":{"line":105,"column":31}},"105":{"start":{"line":106,"column":0},"end":{"line":106,"column":37}},"106":{"start":{"line":107,"column":0},"end":{"line":107,"column":40}},"107":{"start":{"line":108,"column":0},"end":{"line":108,"column":38}},"108":{"start":{"line":109,"column":0},"end":{"line":109,"column":56}},"110":{"start":{"line":111,"column":0},"end":{"line":111,"column":36}},"111":{"start":{"line":112,"column":0},"end":{"line":112,"column":31}},"112":{"start":{"line":113,"column":0},"end":{"line":113,"column":36}},"113":{"start":{"line":114,"column":0},"end":{"line":114,"column":16}},"114":{"start":{"line":115,"column":0},"end":{"line":115,"column":35}},"115":{"start":{"line":116,"column":0},"end":{"line":116,"column":40}},"116":{"start":{"line":117,"column":0},"end":{"line":117,"column":3}},"117":{"start":{"line":118,"column":0},"end":{"line":118,"column":38}},"119":{"start":{"line":120,"column":0},"end":{"line":120,"column":44}},"120":{"start":{"line":121,"column":0},"end":{"line":121,"column":45}},"121":{"start":{"line":122,"column":0},"end":{"line":122,"column":34}},"122":{"start":{"line":123,"column":0},"end":{"line":123,"column":22}},"123":{"start":{"line":124,"column":0},"end":{"line":124,"column":31}},"124":{"start":{"line":125,"column":0},"end":{"line":125,"column":20}},"126":{"start":{"line":127,"column":0},"end":{"line":127,"column":35}},"127":{"start":{"line":128,"column":0},"end":{"line":128,"column":12}},"128":{"start":{"line":129,"column":0},"end":{"line":129,"column":55}},"129":{"start":{"line":130,"column":0},"end":{"line":130,"column":48}},"131":{"start":{"line":132,"column":0},"end":{"line":132,"column":45}},"132":{"start":{"line":133,"column":0},"end":{"line":133,"column":61}},"133":{"start":{"line":134,"column":0},"end":{"line":134,"column":7}},"134":{"start":{"line":135,"column":0},"end":{"line":135,"column":5}},"135":{"start":{"line":136,"column":0},"end":{"line":136,"column":3}},"136":{"start":{"line":137,"column":0},"end":{"line":137,"column":42}},"137":{"start":{"line":138,"column":0},"end":{"line":138,"column":1}},"139":{"start":{"line":140,"column":0},"end":{"line":140,"column":78}},"140":{"start":{"line":141,"column":0},"end":{"line":141,"column":20}},"141":{"start":{"line":142,"column":0},"end":{"line":142,"column":35}},"142":{"start":{"line":143,"column":0},"end":{"line":143,"column":17}},"143":{"start":{"line":144,"column":0},"end":{"line":144,"column":22}},"144":{"start":{"line":145,"column":0},"end":{"line":145,"column":1}},"146":{"start":{"line":147,"column":0},"end":{"line":147,"column":60}},"147":{"start":{"line":148,"column":0},"end":{"line":148,"column":91}},"148":{"start":{"line":149,"column":0},"end":{"line":149,"column":1}},"154":{"start":{"line":155,"column":0},"end":{"line":155,"column":41}},"155":{"start":{"line":156,"column":0},"end":{"line":156,"column":79}},"156":{"start":{"line":157,"column":0},"end":{"line":157,"column":30}},"157":{"start":{"line":158,"column":0},"end":{"line":158,"column":45}},"158":{"start":{"line":159,"column":0},"end":{"line":159,"column":26}},"160":{"start":{"line":161,"column":0},"end":{"line":161,"column":71}},"161":{"start":{"line":162,"column":0},"end":{"line":162,"column":38}},"162":{"start":{"line":163,"column":0},"end":{"line":163,"column":9}},"163":{"start":{"line":164,"column":0},"end":{"line":164,"column":5}},"165":{"start":{"line":166,"column":0},"end":{"line":166,"column":93}},"166":{"start":{"line":167,"column":0},"end":{"line":167,"column":56}},"167":{"start":{"line":168,"column":0},"end":{"line":168,"column":9}},"168":{"start":{"line":169,"column":0},"end":{"line":169,"column":5}},"169":{"start":{"line":170,"column":0},"end":{"line":170,"column":22}},"170":{"start":{"line":171,"column":0},"end":{"line":171,"column":3}},"171":{"start":{"line":172,"column":0},"end":{"line":172,"column":16}},"172":{"start":{"line":173,"column":0},"end":{"line":173,"column":1}},"174":{"start":{"line":175,"column":0},"end":{"line":175,"column":50}},"175":{"start":{"line":176,"column":0},"end":{"line":176,"column":79}},"176":{"start":{"line":177,"column":0},"end":{"line":177,"column":57}},"177":{"start":{"line":178,"column":0},"end":{"line":178,"column":41}},"178":{"start":{"line":179,"column":0},"end":{"line":179,"column":58}},"179":{"start":{"line":180,"column":0},"end":{"line":180,"column":3}},"180":{"start":{"line":181,"column":0},"end":{"line":181,"column":24}},"181":{"start":{"line":182,"column":0},"end":{"line":182,"column":1}},"183":{"start":{"line":184,"column":0},"end":{"line":184,"column":100}},"184":{"start":{"line":185,"column":0},"end":{"line":185,"column":30}},"185":{"start":{"line":186,"column":0},"end":{"line":186,"column":19}},"186":{"start":{"line":187,"column":0},"end":{"line":187,"column":21}},"187":{"start":{"line":188,"column":0},"end":{"line":188,"column":28}},"188":{"start":{"line":189,"column":0},"end":{"line":189,"column":94}},"189":{"start":{"line":190,"column":0},"end":{"line":190,"column":11}},"190":{"start":{"line":191,"column":0},"end":{"line":191,"column":5}},"191":{"start":{"line":192,"column":0},"end":{"line":192,"column":14}},"192":{"start":{"line":193,"column":0},"end":{"line":193,"column":34}},"193":{"start":{"line":194,"column":0},"end":{"line":194,"column":11}},"194":{"start":{"line":195,"column":0},"end":{"line":195,"column":15}},"195":{"start":{"line":196,"column":0},"end":{"line":196,"column":58}},"196":{"start":{"line":197,"column":0},"end":{"line":197,"column":19}},"197":{"start":{"line":198,"column":0},"end":{"line":198,"column":31}},"198":{"start":{"line":199,"column":0},"end":{"line":199,"column":30}},"199":{"start":{"line":200,"column":0},"end":{"line":200,"column":35}},"200":{"start":{"line":201,"column":0},"end":{"line":201,"column":31}},"201":{"start":{"line":202,"column":0},"end":{"line":202,"column":31}},"202":{"start":{"line":203,"column":0},"end":{"line":203,"column":7}},"203":{"start":{"line":204,"column":0},"end":{"line":204,"column":11}},"204":{"start":{"line":205,"column":0},"end":{"line":205,"column":5}},"205":{"start":{"line":206,"column":0},"end":{"line":206,"column":20}},"206":{"start":{"line":207,"column":0},"end":{"line":207,"column":74}},"207":{"start":{"line":208,"column":0},"end":{"line":208,"column":11}},"208":{"start":{"line":209,"column":0},"end":{"line":209,"column":15}},"209":{"start":{"line":210,"column":0},"end":{"line":210,"column":58}},"210":{"start":{"line":211,"column":0},"end":{"line":211,"column":11}},"211":{"start":{"line":212,"column":0},"end":{"line":212,"column":17}},"212":{"start":{"line":213,"column":0},"end":{"line":213,"column":37}},"213":{"start":{"line":214,"column":0},"end":{"line":214,"column":11}},"214":{"start":{"line":215,"column":0},"end":{"line":215,"column":17}},"215":{"start":{"line":216,"column":0},"end":{"line":216,"column":68}},"216":{"start":{"line":217,"column":0},"end":{"line":217,"column":11}},"217":{"start":{"line":218,"column":0},"end":{"line":218,"column":15}},"218":{"start":{"line":219,"column":0},"end":{"line":219,"column":68}},"219":{"start":{"line":220,"column":0},"end":{"line":220,"column":11}},"220":{"start":{"line":221,"column":0},"end":{"line":221,"column":15}},"221":{"start":{"line":222,"column":0},"end":{"line":222,"column":66}},"222":{"start":{"line":223,"column":0},"end":{"line":223,"column":11}},"223":{"start":{"line":224,"column":0},"end":{"line":224,"column":17}},"224":{"start":{"line":225,"column":0},"end":{"line":225,"column":58}},"225":{"start":{"line":226,"column":0},"end":{"line":226,"column":30}},"226":{"start":{"line":227,"column":0},"end":{"line":227,"column":34}},"227":{"start":{"line":228,"column":0},"end":{"line":228,"column":30}},"228":{"start":{"line":229,"column":0},"end":{"line":229,"column":28}},"229":{"start":{"line":230,"column":0},"end":{"line":230,"column":31}},"230":{"start":{"line":231,"column":0},"end":{"line":231,"column":33}},"231":{"start":{"line":232,"column":0},"end":{"line":232,"column":31}},"232":{"start":{"line":233,"column":0},"end":{"line":233,"column":31}},"233":{"start":{"line":234,"column":0},"end":{"line":234,"column":32}},"234":{"start":{"line":235,"column":0},"end":{"line":235,"column":8}},"235":{"start":{"line":236,"column":0},"end":{"line":236,"column":11}},"236":{"start":{"line":237,"column":0},"end":{"line":237,"column":5}},"237":{"start":{"line":238,"column":0},"end":{"line":238,"column":16}},"238":{"start":{"line":239,"column":0},"end":{"line":239,"column":37}},"239":{"start":{"line":240,"column":0},"end":{"line":240,"column":11}},"240":{"start":{"line":241,"column":0},"end":{"line":241,"column":16}},"241":{"start":{"line":242,"column":0},"end":{"line":242,"column":36}},"242":{"start":{"line":243,"column":0},"end":{"line":243,"column":11}},"243":{"start":{"line":244,"column":0},"end":{"line":244,"column":22}},"244":{"start":{"line":245,"column":0},"end":{"line":245,"column":88}},"245":{"start":{"line":246,"column":0},"end":{"line":246,"column":11}},"246":{"start":{"line":247,"column":0},"end":{"line":247,"column":17}},"247":{"start":{"line":248,"column":0},"end":{"line":248,"column":18}},"248":{"start":{"line":249,"column":0},"end":{"line":249,"column":42}},"249":{"start":{"line":250,"column":0},"end":{"line":250,"column":11}},"250":{"start":{"line":251,"column":0},"end":{"line":251,"column":5}},"251":{"start":{"line":252,"column":0},"end":{"line":252,"column":17}},"252":{"start":{"line":253,"column":0},"end":{"line":253,"column":15}},"253":{"start":{"line":254,"column":0},"end":{"line":254,"column":11}},"254":{"start":{"line":255,"column":0},"end":{"line":255,"column":12}},"255":{"start":{"line":256,"column":0},"end":{"line":256,"column":41}},"256":{"start":{"line":257,"column":0},"end":{"line":257,"column":3}},"257":{"start":{"line":258,"column":0},"end":{"line":258,"column":15}},"258":{"start":{"line":259,"column":0},"end":{"line":259,"column":14}},"259":{"start":{"line":260,"column":0},"end":{"line":260,"column":1}},"261":{"start":{"line":262,"column":0},"end":{"line":262,"column":58}},"262":{"start":{"line":263,"column":0},"end":{"line":263,"column":74}},"263":{"start":{"line":264,"column":0},"end":{"line":264,"column":42}},"264":{"start":{"line":265,"column":0},"end":{"line":265,"column":78}},"265":{"start":{"line":266,"column":0},"end":{"line":266,"column":68}},"266":{"start":{"line":267,"column":0},"end":{"line":267,"column":60}},"267":{"start":{"line":268,"column":0},"end":{"line":268,"column":74}},"268":{"start":{"line":269,"column":0},"end":{"line":269,"column":67}},"269":{"start":{"line":270,"column":0},"end":{"line":270,"column":3}},"270":{"start":{"line":271,"column":0},"end":{"line":271,"column":79}},"271":{"start":{"line":272,"column":0},"end":{"line":272,"column":1}},"273":{"start":{"line":274,"column":0},"end":{"line":274,"column":59}},"274":{"start":{"line":275,"column":0},"end":{"line":275,"column":44}},"275":{"start":{"line":276,"column":0},"end":{"line":276,"column":77}},"276":{"start":{"line":277,"column":0},"end":{"line":277,"column":56}},"277":{"start":{"line":278,"column":0},"end":{"line":278,"column":1}},"279":{"start":{"line":280,"column":0},"end":{"line":280,"column":71}},"280":{"start":{"line":281,"column":0},"end":{"line":281,"column":27}},"281":{"start":{"line":282,"column":0},"end":{"line":282,"column":42}},"282":{"start":{"line":283,"column":0},"end":{"line":283,"column":1}},"284":{"start":{"line":285,"column":0},"end":{"line":285,"column":32}},"285":{"start":{"line":286,"column":0},"end":{"line":286,"column":10}},"286":{"start":{"line":287,"column":0},"end":{"line":287,"column":17}},"287":{"start":{"line":288,"column":0},"end":{"line":288,"column":15}},"288":{"start":{"line":289,"column":0},"end":{"line":289,"column":15}},"289":{"start":{"line":290,"column":0},"end":{"line":290,"column":18}},"290":{"start":{"line":291,"column":0},"end":{"line":291,"column":13}},"291":{"start":{"line":292,"column":0},"end":{"line":292,"column":19}},"292":{"start":{"line":293,"column":0},"end":{"line":293,"column":14}},"293":{"start":{"line":294,"column":0},"end":{"line":294,"column":29}},"294":{"start":{"line":295,"column":0},"end":{"line":295,"column":3}},"295":{"start":{"line":296,"column":0},"end":{"line":296,"column":1}},"298":{"start":{"line":299,"column":0},"end":{"line":299,"column":53}},"299":{"start":{"line":300,"column":0},"end":{"line":300,"column":28}},"300":{"start":{"line":301,"column":0},"end":{"line":301,"column":32}},"301":{"start":{"line":302,"column":0},"end":{"line":302,"column":37}},"302":{"start":{"line":303,"column":0},"end":{"line":303,"column":36}},"303":{"start":{"line":304,"column":0},"end":{"line":304,"column":17}},"304":{"start":{"line":305,"column":0},"end":{"line":305,"column":15}},"306":{"start":{"line":307,"column":0},"end":{"line":307,"column":32}},"307":{"start":{"line":308,"column":0},"end":{"line":308,"column":31}},"308":{"start":{"line":309,"column":0},"end":{"line":309,"column":23}},"309":{"start":{"line":310,"column":0},"end":{"line":310,"column":36}},"310":{"start":{"line":311,"column":0},"end":{"line":311,"column":42}},"311":{"start":{"line":312,"column":0},"end":{"line":312,"column":18}},"312":{"start":{"line":313,"column":0},"end":{"line":313,"column":33}},"314":{"start":{"line":315,"column":0},"end":{"line":315,"column":58}},"315":{"start":{"line":316,"column":0},"end":{"line":316,"column":7}},"316":{"start":{"line":317,"column":0},"end":{"line":317,"column":28}},"317":{"start":{"line":318,"column":0},"end":{"line":318,"column":15}},"318":{"start":{"line":319,"column":0},"end":{"line":319,"column":14}},"319":{"start":{"line":320,"column":0},"end":{"line":320,"column":5}},"320":{"start":{"line":321,"column":0},"end":{"line":321,"column":40}},"321":{"start":{"line":322,"column":0},"end":{"line":322,"column":20}},"322":{"start":{"line":323,"column":0},"end":{"line":323,"column":54}},"323":{"start":{"line":324,"column":0},"end":{"line":324,"column":22}},"324":{"start":{"line":325,"column":0},"end":{"line":325,"column":7}},"325":{"start":{"line":326,"column":0},"end":{"line":326,"column":15}},"326":{"start":{"line":327,"column":0},"end":{"line":327,"column":14}},"327":{"start":{"line":328,"column":0},"end":{"line":328,"column":5}},"328":{"start":{"line":329,"column":0},"end":{"line":329,"column":64}},"329":{"start":{"line":330,"column":0},"end":{"line":330,"column":34}},"330":{"start":{"line":331,"column":0},"end":{"line":331,"column":18}},"331":{"start":{"line":332,"column":0},"end":{"line":332,"column":94}},"332":{"start":{"line":333,"column":0},"end":{"line":333,"column":14}},"333":{"start":{"line":334,"column":0},"end":{"line":334,"column":5}},"334":{"start":{"line":335,"column":0},"end":{"line":335,"column":9}},"335":{"start":{"line":336,"column":0},"end":{"line":336,"column":55}},"336":{"start":{"line":337,"column":0},"end":{"line":337,"column":17}},"337":{"start":{"line":338,"column":0},"end":{"line":338,"column":21}},"338":{"start":{"line":339,"column":0},"end":{"line":339,"column":22}},"339":{"start":{"line":340,"column":0},"end":{"line":340,"column":77}},"340":{"start":{"line":341,"column":0},"end":{"line":341,"column":8}},"341":{"start":{"line":342,"column":0},"end":{"line":342,"column":5}},"342":{"start":{"line":343,"column":0},"end":{"line":343,"column":3}},"343":{"start":{"line":344,"column":0},"end":{"line":344,"column":61}},"344":{"start":{"line":345,"column":0},"end":{"line":345,"column":31}},"345":{"start":{"line":346,"column":0},"end":{"line":346,"column":1}},"347":{"start":{"line":348,"column":0},"end":{"line":348,"column":91}},"349":{"start":{"line":350,"column":0},"end":{"line":350,"column":16}},"350":{"start":{"line":351,"column":0},"end":{"line":351,"column":83}},"351":{"start":{"line":352,"column":0},"end":{"line":352,"column":67}},"352":{"start":{"line":353,"column":0},"end":{"line":353,"column":16}},"353":{"start":{"line":354,"column":0},"end":{"line":354,"column":90}},"354":{"start":{"line":355,"column":0},"end":{"line":355,"column":10}},"355":{"start":{"line":356,"column":0},"end":{"line":356,"column":3}},"356":{"start":{"line":357,"column":0},"end":{"line":357,"column":29}},"357":{"start":{"line":358,"column":0},"end":{"line":358,"column":18}},"358":{"start":{"line":359,"column":0},"end":{"line":359,"column":1}},"360":{"start":{"line":361,"column":0},"end":{"line":361,"column":46}},"361":{"start":{"line":362,"column":0},"end":{"line":362,"column":47}},"362":{"start":{"line":363,"column":0},"end":{"line":363,"column":1}}},"s":{"3":1,"13":1,"15":1,"16":54,"17":54,"18":54,"19":54,"22":36,"23":36,"24":36,"25":36,"26":649,"27":649,"28":0,"29":0,"30":0,"31":0,"32":649,"33":112,"34":112,"35":649,"36":537,"37":537,"38":649,"39":36,"40":36,"41":36,"44":257,"45":257,"46":257,"47":2167,"48":2167,"49":21,"50":21,"51":14,"52":7,"53":0,"54":0,"55":21,"56":2167,"57":2146,"58":2146,"59":2167,"60":257,"61":257,"71":205,"72":205,"73":205,"74":1614,"75":1614,"76":1614,"77":1614,"78":1,"79":1,"82":204,"83":204,"84":204,"85":204,"86":204,"87":1388,"88":1388,"89":0,"90":0,"91":1388,"92":41,"93":41,"94":1388,"95":1347,"96":1347,"97":1388,"98":204,"99":204,"100":204,"102":205,"103":205,"104":205,"105":204,"106":204,"107":204,"108":205,"110":204,"111":204,"112":204,"113":205,"114":2,"115":2,"116":2,"117":204,"119":204,"120":205,"121":41,"122":41,"123":41,"124":41,"126":1,"127":41,"128":40,"129":40,"131":40,"132":40,"133":40,"134":40,"135":41,"136":204,"137":204,"139":41,"140":41,"141":41,"142":41,"143":41,"144":41,"146":55,"147":55,"148":55,"154":42,"155":42,"156":42,"157":42,"158":315,"160":315,"161":1,"162":1,"163":1,"165":315,"166":1,"167":1,"168":1,"169":315,"170":315,"171":42,"172":42,"174":204,"175":204,"176":204,"177":204,"178":4,"179":4,"180":200,"181":200,"183":204,"184":204,"185":204,"186":204,"187":54,"188":54,"189":54,"190":54,"191":204,"192":49,"193":49,"194":204,"195":12,"196":12,"197":12,"198":12,"199":12,"200":12,"201":12,"202":12,"203":12,"204":12,"205":204,"206":0,"207":0,"208":204,"209":8,"210":8,"211":204,"212":1,"213":1,"214":204,"215":27,"216":27,"217":204,"218":18,"219":18,"220":204,"221":2,"222":2,"223":204,"224":8,"225":8,"226":8,"227":8,"228":8,"229":8,"230":8,"231":8,"232":8,"233":8,"234":8,"235":8,"236":8,"237":204,"238":1,"239":1,"240":204,"241":12,"242":12,"243":204,"244":8,"245":8,"246":204,"247":204,"248":2,"249":2,"250":2,"251":204,"252":204,"253":0,"254":204,"255":2,"256":204,"257":204,"258":204,"259":204,"261":2,"262":2,"263":2,"264":2,"265":2,"266":2,"267":2,"268":0,"269":0,"270":2,"271":2,"273":2,"274":2,"275":2,"276":2,"277":2,"279":47,"280":47,"281":47,"282":47,"284":54,"285":54,"286":54,"287":54,"288":54,"289":54,"290":54,"291":54,"292":54,"293":54,"294":54,"295":54,"298":1,"299":42,"300":42,"301":42,"302":42,"303":42,"304":42,"306":42,"307":315,"308":315,"309":313,"310":315,"311":54,"312":54,"314":0,"315":0,"316":54,"317":54,"318":54,"319":54,"320":315,"321":54,"322":54,"323":54,"324":54,"325":54,"326":54,"327":54,"328":205,"329":205,"330":315,"331":1,"332":1,"333":1,"334":204,"335":204,"336":315,"337":0,"338":0,"339":0,"340":0,"341":0,"342":315,"343":42,"344":42,"345":42,"347":54,"349":54,"350":54,"351":54,"352":54,"353":1,"354":1,"355":1,"356":54,"357":53,"358":53,"360":1,"361":1,"362":1},"branchMap":{"0":{"type":"branch","line":17,"loc":{"start":{"line":17,"column":0},"end":{"line":20,"column":1}},"locations":[{"start":{"line":17,"column":0},"end":{"line":20,"column":1}}]},"1":{"type":"branch","line":23,"loc":{"start":{"line":23,"column":0},"end":{"line":42,"column":1}},"locations":[{"start":{"line":23,"column":0},"end":{"line":42,"column":1}}]},"2":{"type":"branch","line":26,"loc":{"start":{"line":26,"column":41},"end":{"line":39,"column":3}},"locations":[{"start":{"line":26,"column":41},"end":{"line":39,"column":3}}]},"3":{"type":"branch","line":28,"loc":{"start":{"line":28,"column":15},"end":{"line":28,"column":45}},"locations":[{"start":{"line":28,"column":15},"end":{"line":28,"column":45}}]},"4":{"type":"branch","line":28,"loc":{"start":{"line":28,"column":45},"end":{"line":32,"column":5}},"locations":[{"start":{"line":28,"column":45},"end":{"line":32,"column":5}}]},"5":{"type":"branch","line":33,"loc":{"start":{"line":33,"column":20},"end":{"line":36,"column":11}},"locations":[{"start":{"line":33,"column":20},"end":{"line":36,"column":11}}]},"6":{"type":"branch","line":36,"loc":{"start":{"line":36,"column":4},"end":{"line":38,"column":5}},"locations":[{"start":{"line":36,"column":4},"end":{"line":38,"column":5}}]},"7":{"type":"branch","line":45,"loc":{"start":{"line":45,"column":0},"end":{"line":62,"column":1}},"locations":[{"start":{"line":45,"column":0},"end":{"line":62,"column":1}}]},"8":{"type":"branch","line":47,"loc":{"start":{"line":47,"column":41},"end":{"line":60,"column":3}},"locations":[{"start":{"line":47,"column":41},"end":{"line":60,"column":3}}]},"9":{"type":"branch","line":49,"loc":{"start":{"line":49,"column":15},"end":{"line":49,"column":45}},"locations":[{"start":{"line":49,"column":15},"end":{"line":49,"column":45}}]},"10":{"type":"branch","line":49,"loc":{"start":{"line":49,"column":45},"end":{"line":57,"column":11}},"locations":[{"start":{"line":49,"column":45},"end":{"line":57,"column":11}}]},"11":{"type":"branch","line":51,"loc":{"start":{"line":51,"column":16},"end":{"line":51,"column":34}},"locations":[{"start":{"line":51,"column":16},"end":{"line":51,"column":34}}]},"12":{"type":"branch","line":51,"loc":{"start":{"line":51,"column":34},"end":{"line":51,"column":45}},"locations":[{"start":{"line":51,"column":34},"end":{"line":51,"column":45}}]},"13":{"type":"branch","line":51,"loc":{"start":{"line":51,"column":41},"end":{"line":55,"column":19}},"locations":[{"start":{"line":51,"column":41},"end":{"line":55,"column":19}}]},"14":{"type":"branch","line":52,"loc":{"start":{"line":52,"column":26},"end":{"line":55,"column":19}},"locations":[{"start":{"line":52,"column":26},"end":{"line":55,"column":19}}]},"15":{"type":"branch","line":53,"loc":{"start":{"line":53,"column":33},"end":{"line":55,"column":19}},"locations":[{"start":{"line":53,"column":33},"end":{"line":55,"column":19}}]},"16":{"type":"branch","line":57,"loc":{"start":{"line":57,"column":4},"end":{"line":59,"column":5}},"locations":[{"start":{"line":57,"column":4},"end":{"line":59,"column":5}}]},"17":{"type":"branch","line":72,"loc":{"start":{"line":72,"column":0},"end":{"line":80,"column":1}},"locations":[{"start":{"line":72,"column":0},"end":{"line":80,"column":1}}]},"18":{"type":"branch","line":74,"loc":{"start":{"line":74,"column":40},"end":{"line":78,"column":3}},"locations":[{"start":{"line":74,"column":40},"end":{"line":78,"column":3}}]},"19":{"type":"branch","line":76,"loc":{"start":{"line":76,"column":20},"end":{"line":76,"column":38}},"locations":[{"start":{"line":76,"column":20},"end":{"line":76,"column":38}}]},"20":{"type":"branch","line":77,"loc":{"start":{"line":77,"column":20},"end":{"line":77,"column":37}},"locations":[{"start":{"line":77,"column":20},"end":{"line":77,"column":37}}]},"21":{"type":"branch","line":77,"loc":{"start":{"line":77,"column":37},"end":{"line":77,"column":45}},"locations":[{"start":{"line":77,"column":37},"end":{"line":77,"column":45}}]},"22":{"type":"branch","line":78,"loc":{"start":{"line":78,"column":2},"end":{"line":80,"column":1}},"locations":[{"start":{"line":78,"column":2},"end":{"line":80,"column":1}}]},"23":{"type":"branch","line":83,"loc":{"start":{"line":83,"column":0},"end":{"line":101,"column":1}},"locations":[{"start":{"line":83,"column":0},"end":{"line":101,"column":1}}]},"24":{"type":"branch","line":87,"loc":{"start":{"line":87,"column":42},"end":{"line":98,"column":3}},"locations":[{"start":{"line":87,"column":42},"end":{"line":98,"column":3}}]},"25":{"type":"branch","line":89,"loc":{"start":{"line":89,"column":20},"end":{"line":92,"column":15}},"locations":[{"start":{"line":89,"column":20},"end":{"line":92,"column":15}}]},"26":{"type":"branch","line":92,"loc":{"start":{"line":92,"column":22},"end":{"line":92,"column":39}},"locations":[{"start":{"line":92,"column":22},"end":{"line":92,"column":39}}]},"27":{"type":"branch","line":92,"loc":{"start":{"line":92,"column":39},"end":{"line":95,"column":11}},"locations":[{"start":{"line":92,"column":39},"end":{"line":95,"column":11}}]},"28":{"type":"branch","line":95,"loc":{"start":{"line":95,"column":4},"end":{"line":97,"column":5}},"locations":[{"start":{"line":95,"column":4},"end":{"line":97,"column":5}}]},"29":{"type":"branch","line":103,"loc":{"start":{"line":103,"column":0},"end":{"line":138,"column":1}},"locations":[{"start":{"line":103,"column":0},"end":{"line":138,"column":1}}]},"30":{"type":"branch","line":105,"loc":{"start":{"line":105,"column":20},"end":{"line":105,"column":31}},"locations":[{"start":{"line":105,"column":20},"end":{"line":105,"column":31}}]},"31":{"type":"branch","line":105,"loc":{"start":{"line":105,"column":27},"end":{"line":109,"column":45}},"locations":[{"start":{"line":105,"column":27},"end":{"line":109,"column":45}}]},"32":{"type":"branch","line":109,"loc":{"start":{"line":109,"column":45},"end":{"line":109,"column":56}},"locations":[{"start":{"line":109,"column":45},"end":{"line":109,"column":56}}]},"33":{"type":"branch","line":109,"loc":{"start":{"line":109,"column":52},"end":{"line":114,"column":15}},"locations":[{"start":{"line":109,"column":52},"end":{"line":114,"column":15}}]},"34":{"type":"branch","line":114,"loc":{"start":{"line":114,"column":15},"end":{"line":117,"column":3}},"locations":[{"start":{"line":114,"column":15},"end":{"line":117,"column":3}}]},"35":{"type":"branch","line":117,"loc":{"start":{"line":117,"column":2},"end":{"line":121,"column":44}},"locations":[{"start":{"line":117,"column":2},"end":{"line":121,"column":44}}]},"36":{"type":"branch","line":121,"loc":{"st
[...]
ons":[{"start":{"line":24,"column":0},"end":{"line":36,"column":1}}]},"3":{"type":"branch","line":25,"loc":{"start":{"line":25,"column":25},"end":{"line":25,"column":36}},"locations":[{"start":{"line":25,"column":25},"end":{"line":25,"column":36}}]},"4":{"type":"branch","line":25,"loc":{"start":{"line":25,"column":32},"end":{"line":31,"column":26}},"locations":[{"start":{"line":25,"column":32},"end":{"line":31,"column":26}}]},"5":{"type":"branch","line":31,"loc":{"start":{"line":31,"column":26},"end":{"line":34,"column":3}},"locations":[{"start":{"line":31,"column":26},"end":{"line":34,"column":3}}]},"6":{"type":"branch","line":34,"loc":{"start":{"line":34,"column":2},"end":{"line":36,"column":1}},"locations":[{"start":{"line":34,"column":2},"end":{"line":36,"column":1}}]},"7":{"type":"branch","line":48,"loc":{"start":{"line":48,"column":0},"end":{"line":70,"column":1}},"locations":[{"start":{"line":48,"column":0},"end":{"line":70,"column":1}}]},"8":{"type":"branch","line":50,"loc":{"start":{"line":50,"column":8},"end":{"line":50,"column":33}},"locations":[{"start":{"line":50,"column":8},"end":{"line":50,"column":33}}]},"9":{"type":"branch","line":50,"loc":{"start":{"line":50,"column":33},"end":{"line":57,"column":3}},"locations":[{"start":{"line":50,"column":33},"end":{"line":57,"column":3}}]},"10":{"type":"branch","line":51,"loc":{"start":{"line":51,"column":27},"end":{"line":54,"column":11}},"locations":[{"start":{"line":51,"column":27},"end":{"line":54,"column":11}}]},"11":{"type":"branch","line":58,"loc":{"start":{"line":58,"column":21},"end":{"line":58,"column":50}},"locations":[{"start":{"line":58,"column":21},"end":{"line":58,"column":50}}]},"12":{"type":"branch","line":60,"loc":{"start":{"line":60,"column":16},"end":{"line":60,"column":32}},"locations":[{"start":{"line":60,"column":16},"end":{"line":60,"column":32}}]},"13":{"type":"branch","line":63,"loc":{"start":{"line":63,"column":18},"end":{"line":63,"column":37}},"locations":[{"start":{"line":63,"column":18},"end":{"line":63,"column":37}}]},"14":{"type":"branch","line":63,"loc":{"start":{"line":63,"column":30},"end":{"line":63,"column":57}},"locations":[{"start":{"line":63,"column":30},"end":{"line":63,"column":57}}]},"15":{"type":"branch","line":63,"loc":{"start":{"line":63,"column":57},"end":{"line":66,"column":3}},"locations":[{"start":{"line":63,"column":57},"end":{"line":66,"column":3}}]},"16":{"type":"branch","line":55,"loc":{"start":{"line":55,"column":40},"end":{"line":55,"column":62}},"locations":[{"start":{"line":55,"column":40},"end":{"line":55,"column":62}}]},"17":{"type":"branch","line":72,"loc":{"start":{"line":72,"column":0},"end":{"line":74,"column":1}},"locations":[{"start":{"line":72,"column":0},"end":{"line":74,"column":1}}]},"18":{"type":"branch","line":73,"loc":{"start":{"line":73,"column":19},"end":{"line":73,"column":90}},"locations":[{"start":{"line":73,"column":19},"end":{"line":73,"column":90}}]},"19":{"type":"branch","line":77,"loc":{"start":{"line":77,"column":7},"end":{"line":157,"column":1}},"locations":[{"start":{"line":77,"column":7},"end":{"line":157,"column":1}}]},"20":{"type":"branch","line":90,"loc":{"start":{"line":90,"column":20},"end":{"line":90,"column":106}},"locations":[{"start":{"line":90,"column":20},"end":{"line":90,"column":106}}]},"21":{"type":"branch","line":90,"loc":{"start":{"line":90,"column":106},"end":{"line":95,"column":5}},"locations":[{"start":{"line":90,"column":106},"end":{"line":95,"column":5}}]},"22":{"type":"branch","line":99,"loc":{"start":{"line":99,"column":24},"end":{"line":99,"column":102}},"locations":[{"start":{"line":99,"column":24},"end":{"line":99,"column":102}}]},"23":{"type":"branch","line":101,"loc":{"start":{"line":101,"column":14},"end":{"line":101,"column":41}},"locations":[{"start":{"line":101,"column":14},"end":{"line":101,"column":41}}]},"24":{"type":"branch","line":101,"loc":{"start":{"line":101,"column":41},"end":{"line":104,"column":3}},"locations":[{"start":{"line":101,"column":41},"end":{"line":104,"column":3}}]},"25":{"type":"branch","line":105,"loc":{"start":{"line":105,"column":21},"end":{"line":105,"column":93}},"locations":[{"start":{"line":105,"column":21},"end":{"line":105,"column":93}}]},"26":{"type":"branch","line":111,"loc":{"start":{"line":111,"column":37},"end":{"line":121,"column":3}},"locations":[{"start":{"line":111,"column":37},"end":{"line":121,"column":3}}]},"27":{"type":"branch","line":116,"loc":{"start":{"line":116,"column":22},"end":{"line":117,"column":63}},"locations":[{"start":{"line":116,"column":22},"end":{"line":117,"column":63}}]},"28":{"type":"branch","line":118,"loc":{"start":{"line":118,"column":67},"end":{"line":119,"column":12}},"locations":[{"start":{"line":118,"column":67},"end":{"line":119,"column":12}}]},"29":{"type":"branch","line":123,"loc":{"start":{"line":123,"column":24},"end":{"line":123,"column":68}},"locations":[{"start":{"line":123,"column":24},"end":{"line":123,"column":68}}]},"30":{"type":"branch","line":124,"loc":{"start":{"line":124,"column":20},"end":{"line":124,"column":90}},"locations":[{"start":{"line":124,"column":20},"end":{"line":124,"column":90}}]},"31":{"type":"branch","line":125,"loc":{"start":{"line":125,"column":33},"end":{"line":127,"column":3}},"locations":[{"start":{"line":125,"column":33},"end":{"line":127,"column":3}}]},"32":{"type":"branch","line":129,"loc":{"start":{"line":129,"column":21},"end":{"line":147,"column":3}},"locations":[{"start":{"line":129,"column":21},"end":{"line":147,"column":3}}]},"33":{"type":"branch","line":130,"loc":{"start":{"line":130,"column":29},"end":{"line":136,"column":11}},"locations":[{"start":{"line":130,"column":29},"end":{"line":136,"column":11}}]},"34":{"type":"branch","line":137,"loc":{"start":{"line":137,"column":31},"end":{"line":137,"column":50}},"locations":[{"start":{"line":137,"column":31},"end":{"line":137,"column":50}}]},"35":{"type":"branch","line":139,"loc":{"start":{"line":139,"column":36},"end":{"line":139,"column":45}},"locations":[{"start":{"line":139,"column":36},"end":{"line":139,"column":45}}]},"36":{"type":"branch","line":141,"loc":{"start":{"line":141,"column":6},"end":{"line":145,"column":7}},"locations":[{"start":{"line":141,"column":6},"end":{"line":145,"column":7}}]},"37":{"type":"branch","line":149,"loc":{"start":{"line":149,"column":35},"end":{"line":153,"column":3}},"locations":[{"start":{"line":149,"column":35},"end":{"line":153,"column":3}}]},"38":{"type":"branch","line":118,"loc":{"start":{"line":118,"column":35},"end":{"line":118,"column":57}},"locations":[{"start":{"line":118,"column":35},"end":{"line":118,"column":57}}]},"39":{"type":"branch","line":160,"loc":{"start":{"line":160,"column":7},"end":{"line":162,"column":1}},"locations":[{"start":{"line":160,"column":7},"end":{"line":162,"column":1}}]},"40":{"type":"branch","line":161,"loc":{"start":{"line":161,"column":22},"end":{"line":161,"column":57}},"locations":[{"start":{"line":161,"column":22},"end":{"line":161,"column":57}}]},"41":{"type":"branch","line":166,"loc":{"start":{"line":166,"column":0},"end":{"line":169,"column":1}},"locations":[{"start":{"line":166,"column":0},"end":{"line":169,"column":1}}]},"42":{"type":"branch","line":167,"loc":{"start":{"line":167,"column":30},"end":{"line":167,"column":74}},"locations":[{"start":{"line":167,"column":30},"end":{"line":167,"column":74}}]},"43":{"type":"branch","line":167,"loc":{"start":{"line":167,"column":71},"end":{"line":169,"column":1}},"locations":[{"start":{"line":167,"column":71},"end":{"line":169,"column":1}}]},"44":{"type":"branch","line":172,"loc":{"start":{"line":172,"column":7},"end":{"line":223,"column":1}},"locations":[{"start":{"line":172,"column":7},"end":{"line":223,"column":1}}]},"45":{"type":"branch","line":187,"loc":{"start":{"line":187,"column":37},"end":{"line":187,"column":100}},"locations":[{"start":{"line":187,"column":37},"end":{"line":187,"column":100}}]},"46":{"type":"branch","line":194,"loc":{"start":{"line":194,"column":11},"end":{"line":194,"column":23}},"locations":[{"start":{"line":194,"column":11},"end":{"line":194,"column":23}}]},"47":{"type":"branch","line":195,"loc":{"start":{"line":195,"column":11},"end":{"line":195,"column":24}},"locations":[{"start":{"line":195,"column":11},"end":{"line":195,"column":24}}]},"48":{"type":"branch","line":197,"loc":{"start":{"line":197,"column":9},"end":{"line":197,"column":20}},"locations":[{"start":{"line":197,"column":9},"end":{"line":197,"column":20}}]},"49":{"type":"branch","line":201,"loc":{"start":{"line":201,"column":28},"end":{"line":201,"column":40}},"locations":[{"start":{"line":201,"column":28},"end":{"line":201,"column":40}}]},"50":{"type":"branch","line":201,"loc":{"start":{"line":201,"column":31},"end":{"line":201,"column":44}},"locations":[{"start":{"line":201,"column":31},"end":{"line":201,"column":44}}]},"51":{"type":"branch","line":201,"loc":{"start":{"line":201,"column":65},"end":{"line":201,"column":77}},"locations":[{"start":{"line":201,"column":65},"end":{"line":201,"column":77}}]},"52":{"type":"branch","line":201,"loc":{"start":{"line":201,"column":68},"end":{"line":201,"column":79}},"locations":[{"start":{"line":201,"column":68},"end":{"line":201,"column":79}}]},"53":{"type":"branch","line":204,"loc":{"start":{"line":204,"column":28},"end":{"line":204,"column":40}},"locations":[{"start":{"line":204,"column":28},"end":{"line":204,"column":40}}]},"54":{"type":"branch","line":204,"loc":{"start":{"line":204,"column":31},"end":{"line":204,"column":44}},"locations":[{"start":{"line":204,"column":31},"end":{"line":204,"column":44}}]},"55":{"type":"branch","line":204,"loc":{"start":{"line":204,"column":65},"end":{"line":204,"column":77}},"locations":[{"start":{"line":204,"column":65},"end":{"line":204,"column":77}}]},"56":{"type":"branch","line":204,"loc":{"start":{"line":204,"column":68},"end":{"line":204,"column":79}},"locations":[{"start":{"line":204,"column":68},"end":{"line":204,"column":79}}]},"57":{"type":"branch","line":206,"loc":{"start":{"line":206,"column":38},"end":{"line":212,"column":5}},"locations":[{"start":{"line":206,"column":38},"end":{"line":212,"column":5}}]},"58":{"type":"branch","line":209,"loc":{"start":{"line":209,"column":89},"end":{"line":210,"column":12}},"locations":[{"start":{"line":209,"column":89},"end":{"line":210,"column":12}}]},"59":{"type":"branch","line":211,"loc":{"start":{"line":211,"column":21},"end":{"line":211,"column":34}},"locations":[{"start":{"line":211,"column":21},"end":{"line":211,"column":34}}]},"60":{"type":"branch","line":217,"loc":{"start":{"line":217,"column":8},"end":{"line":217,"column":19}},"locations":[{"start":{"line":217,"column":8},"end":{"line":217,"column":19}}]},"61":{"type":"branch","line":173,"loc":{"start":{"line":173,"column":48},"end":{"line":173,"column":70}},"locations":[{"start":{"line":173,"column":48},"end":{"line":173,"column":70}}]},"62":{"type":"branch","line":174,"loc":{"start":{"line":174,"column":48},"end":{"line":174,"column":70}},"locations":[{"start":{"line":174,"column":48},"end":{"line":174,"column":70}}]},"63":{"type":"branch","line":175,"loc":{"start":{"line":175,"column":46},"end":{"line":175,"column":71}},"locations":[{"start":{"line":175,"column":46},"end":{"line":175,"column":71}}]},"64":{"type":"branch","line":228,"loc":{"start":{"line":228,"column":7},"end":{"line":247,"column":1}},"locations":[{"start":{"line":228,"column":7},"end":{"line":247,"column":1}}]},"65":{"type":"branch","line":229,"loc":{"start":{"line":229,"column":33},"end":{"line":245,"column":4}},"locations":[{"start":{"line":229,"column":33},"end":{"line":245,"column":4}}]}},"b":{"0":[99],"1":[2],"2":[40],"3":[39],"4":[1],"5":[4],"6":[1],"7":[20],"8":[8],"9":[8],"10":[0],"11":[0],"12":[0],"13":[1],"14":[1],"15":[1],"16":[8],"17":[21],"18":[8],"19":[7],"20":[1],"21":[0],"22":[0],"23":[4],"24":[4],"25":[0],"26":[4],"27":[0],"28":[0],"29":[0],"30":[5],"31":[4],"32":[1],"33":[0],"34":[0],"35":[0],"36":[0],"37":[0],"38":[4],"39":[1],"40":[2],"41":[60],"42":[3],"43":[57],"44":[2],"45":[1],"46":[0],"47":[0],"48":[1],"49":[1],"50":[1],"51":[1],"52":[1],"53":[1],"54":[1],"55":[1],"56":[1],"57":[1],"58":[0],"59":[0],"60":[1],"61":[2],"62":[2],"63":[2],"64":[1],"65":[1]},"fnMap":{"0":{"name":"esc","decl":{"start":{"line":11,"column":0},"end":{"line":17,"column":1}},"loc":{"start":{"line":11,"column":0},"end":{"line":17,"column":1}},"line":11},"1":{"name":"hasNonAscii","decl":{"start":{"line":19,"column":0},"end":{"line":21,"column":1}},"loc":{"start":{"line":19,"column":0},"end":{"line":21,"column":1}},"line":19},"2":{"name":"fold","decl":{"start":{"line":24,"column":0},"end":{"line":36,"column":1}},"loc":{"start":{"line":24,"column":0},"end":{"line":36,"column":1}},"line":24},"3":{"name":"renderProp","decl":{"start":{"line":48,"column":0},"end":{"line":70,"column":1}},"loc":{"start":{"line":48,"column":0},"end":{"line":70,"column":1}},"line":48},"4":{"name":"typedLines","decl":{"start":{"line":72,"column":0},"end":{"line":74,"column":1}},"loc":{"start":{"line":72,"column":0},"end":{"line":74,"column":1}},"line":72},"5":{"name":"serializeContact","decl":{"start":{"line":77,"column":7},"end":{"line":157,"column":1}},"loc":{"start":{"line":77,"column":7},"end":{"line":157,"column":1}},"line":77},"6":{"name":"serializeVcards","decl":{"start":{"line":160,"column":7},"end":{"line":162,"column":1}},"loc":{"start":{"line":160,"column":7},"end":{"line":162,"column":1}},"line":160},"7":{"name":"csvCell","decl":{"start":{"line":166,"column":0},"end":{"line":169,"column":1}},"loc":{"start":{"line":166,"column":0},"end":{"line":169,"column":1}},"line":166},"8":{"name":"toCsv","decl":{"start":{"line":172,"column":7},"end":{"line":223,"column":1}},"loc":{"start":{"line":172,"column":7},"end":{"line":223,"column":1}},"line":172},"9":{"name":"toJson","decl":{"start":{"line":228,"column":7},"end":{"line":247,"column":1}},"loc":{"start":{"line":228,"column":7},"end":{"line":247,"column":1}},"line":228}},"f":{"0":99,"1":2,"2":40,"3":20,"4":21,"5":7,"6":1,"7":60,"8":2,"9":1}}
,"/home/user/vcardlab/src/core/split.ts": {"path":"/home/user/vcardlab/src/core/split.ts","all":false,"statementMap":{"2":{"start":{"line":3,"column":0},"end":{"line":3,"column":51}},"5":{"start":{"line":6,"column":0},"end":{"line":6,"column":59}},"6":{"start":{"line":7,"column":0},"end":{"line":7,"column":59}},"7":{"start":{"line":8,"column":0},"end":{"line":8,"column":23}},"8":{"start":{"line":9,"column":0},"end":{"line":9,"column":81}},"9":{"start":{"line":10,"column":0},"end":{"line":10,"column":12}},"10":{"start":{"line":11,"column":0},"end":{"line":11,"column":1}},"13":{"start":{"line":14,"column":0},"end":{"line":14,"column":64}},"14":{"start":{"line":15,"column":0},"end":{"line":15,"column":29}},"15":{"start":{"line":16,"column":0},"end":{"line":16,"column":19}},"16":{"start":{"line":17,"column":0},"end":{"line":17,"column":22}},"17":{"start":{"line":18,"column":0},"end":{"line":18,"column":29}},"18":{"start":{"line":19,"column":0},"end":{"line":19,"column":11}},"19":{"start":{"line":20,"column":0},"end":{"line":20,"column":25}},"20":{"start":{"line":21,"column":0},"end":{"line":21,"column":17}},"21":{"start":{"line":22,"column":0},"end":{"line":22,"column":51}},"22":{"start":{"line":23,"column":0},"end":{"line":23,"column":57}},"23":{"start":{"line":24,"column":0},"end":{"line":24,"column":1}},"26":{"start":{"line":27,"column":0},"end":{"line":27,"column":56}},"27":{"start":{"line":28,"column":0},"end":{"line":28,"column":40}},"28":{"start":{"line":29,"column":0},"end":{"line":29,"column":27}},"29":{"start":{"line":30,"column":0},"end":{"line":30,"column":34}},"30":{"start":{"line":31,"column":0},"end":{"line":31,"column":26}},"31":{"start":{"line":32,"column":0},"end":{"line":32,"column":48}},"32":{"start":{"line":33,"column":0},"end":{"line":33,"column":4}},"33":{"start":{"line":34,"column":0},"end":{"line":34,"column":1}}},"s":{"2":1,"5":1,"6":2,"7":1,"8":2,"9":1,"10":1,"13":1,"14":2,"15":2,"16":2,"17":2,"18":2,"19":2,"20":2,"21":2,"22":2,"23":2,"26":1,"27":1,"28":1,"29":4,"30":4,"31":4,"32":1,"33":1},"branchMap":{"0":{"type":"branch","line":6,"loc":{"start":{"line":6,"column":7},"end":{"line":11,"column":1}},"locations":[{"start":{"line":6,"column":7},"end":{"line":11,"column":1}}]},"1":{"type":"branch","line":7,"loc":{"start":{"line":7,"column":17},"end":{"line":9,"column":51}},"locations":[{"start":{"line":7,"column":17},"end":{"line":9,"column":51}}]},"2":{"type":"branch","line":9,"loc":{"start":{"line":9,"column":47},"end":{"line":9,"column":81}},"locations":[{"start":{"line":9,"column":47},"end":{"line":9,"column":81}}]},"3":{"type":"branch","line":9,"loc":{"start":{"line":9,"column":80},"end":{"line":11,"column":1}},"locations":[{"start":{"line":9,"column":80},"end":{"line":11,"column":1}}]},"4":{"type":"branch","line":14,"loc":{"start":{"line":14,"column":7},"end":{"line":24,"column":1}},"locations":[{"start":{"line":14,"column":7},"end":{"line":24,"column":1}}]},"5":{"type":"branch","line":23,"loc":{"start":{"line":23,"column":33},"end":{"line":23,"column":57}},"locations":[{"start":{"line":23,"column":33},"end":{"line":23,"column":57}}]},"6":{"type":"branch","line":27,"loc":{"start":{"line":27,"column":7},"end":{"line":34,"column":1}},"locations":[{"start":{"line":27,"column":7},"end":{"line":34,"column":1}}]},"7":{"type":"branch","line":29,"loc":{"start":{"line":29,"column":19},"end":{"line":33,"column":3}},"locations":[{"start":{"line":29,"column":19},"end":{"line":33,"column":3}}]},"8":{"type":"branch","line":30,"loc":{"start":{"line":30,"column":28},"end":{"line":30,"column":34}},"locations":[{"start":{"line":30,"column":28},"end":{"line":30,"column":34}}]},"9":{"type":"branch","line":32,"loc":{"start":{"line":32,"column":21},"end":{"line":32,"column":29}},"locations":[{"start":{"line":32,"column":21},"end":{"line":32,"column":29}}]},"10":{"type":"branch","line":32,"loc":{"start":{"line":32,"column":25},"end":{"line":32,"column":48}},"locations":[{"start":{"line":32,"column":25},"end":{"line":32,"column":48}}]}},"b":{"0":[2],"1":[1],"2":[3],"3":[1],"4":[2],"5":[0],"6":[1],"7":[4],"8":[2],"9":[2],"10":[2]},"fnMap":{"0":{"name":"chunk","decl":{"start":{"line":6,"column":7},"end":{"line":11,"column":1}},"loc":{"start":{"line":6,"column":7},"end":{"line":11,"column":1}},"line":6},"1":{"name":"contactSlug","decl":{"start":{"line":14,"column":7},"end":{"line":24,"column":1}},"loc":{"start":{"line":14,"column":7},"end":{"line":24,"column":1}},"line":14},"2":{"name":"uniqueNames","decl":{"start":{"line":27,"column":7},"end":{"line":34,"column":1}},"loc":{"start":{"line":27,"column":7},"end":{"line":34,"column":1}},"line":27}},"f":{"0":2,"1":2,"2":1}}
,"/home/user/vcardlab/src/core/zip.ts": {"path":"/home/user/vcardlab/src/core/zip.ts","all":false,"statementMap":{"2":{"start":{"line":3,"column":0},"end":{"line":3,"column":41}},"10":{"start":{"line":11,"column":0},"end":{"line":11,"column":59}},"11":{"start":{"line":12,"column":0},"end":{"line":12,"column":46}},"12":{"start":{"line":13,"column":0},"end":{"line":13,"column":28}},"13":{"start":{"line":14,"column":0},"end":{"line":14,"column":38}},"14":{"start":{"line":15,"column":0},"end":{"line":15,"column":3}},"16":{"start":{"line":17,"column":0},"end":{"line":17,"column":37}},"17":{"start":{"line":18,"column":0},"end":{"line":18,"column":1}}},"s":{"2":1,"10":1,"11":1,"12":1,"13":2,"14":2,"16":1,"17":1},"branchMap":{"0":{"type":"branch","line":11,"loc":{"start":{"line":11,"column":7},"end":{"line":18,"column":1}},"locations":[{"start":{"line":11,"column":7},"end":{"line":18,"column":1}}]},"1":{"type":"branch","line":13,"loc":{"start":{"line":13,"column":27},"end":{"line":15,"column":3}},"locations":[{"start":{"line":13,"column":27},"end":{"line":15,"column":3}}]}},"b":{"0":[1],"1":[2]},"fnMap":{"0":{"name":"buildZip","decl":{"start":{"line":11,"column":7},"end":{"line":18,"column":1}},"loc":{"start":{"line":11,"column":7},"end":{"line":18,"column":1}},"line":11}},"f":{"0":1}}
}
